{
  "seleniumLog": [
    {
      "commandName": "iClickAndIgnore",
      "args": [
        "[whileUsing]"
      ],
      "result": "success",
      "subLogs": [
        {
          "commandName": "findElement",
          "args": [
            "{value=//*[@resource-id=\"com.android.permissioncontroller:id/permission_allow_foreground_only_button\"], using=xpath}"
          ],
          "result": "id: 0",
          "subLogs": [],
          "duration": 4309
        },
        {
          "commandName": "findElement",
          "args": [
            "By.xpath: //*[@resource-id=\"com.android.permissioncontroller:id/permission_allow_foreground_only_button\"]",
            "{}"
          ],
          "result": "OK",
          "subLogs": [],
          "duration": -1
        },
        {
          "commandName": "clickElement",
          "args": [
            "By.xpath: //*[@resource-id=\"com.android.permissioncontroller:id/permission_allow_foreground_only_button\"]",
            "{\"id\":\"0\"}"
          ],
          "result": "clickElement:null",
          "subLogs": [],
          "duration": 685
        }
      ],
      "duration": -1
    },
    {
      "commandName": "iClickAndIgnore",
      "args": [
        "[allow]"
      ],
      "result": "success",
      "subLogs": [
        {
          "commandName": "findElement",
          "args": [
            "{value=//*[@resource-id=\"com.android.permissioncontroller:id/permission_allow_button\"], using=xpath}"
          ],
          "result": "id: 1",
          "subLogs": [],
          "duration": 567
        },
        {
          "commandName": "findElement",
          "args": [
            "By.xpath: //*[@resource-id=\"com.android.permissioncontroller:id/permission_allow_button\"]",
            "{}"
          ],
          "result": "OK",
          "subLogs": [],
          "duration": -1
        },
        {
          "commandName": "clickElement",
          "args": [
            "By.xpath: //*[@resource-id=\"com.android.permissioncontroller:id/permission_allow_button\"]",
            "{\"id\":\"1\"}"
          ],
          "result": "clickElement:null",
          "subLogs": [],
          "duration": 736
        }
      ],
      "duration": -1
    },
    {
      "commandName": "iClickAndIgnore",
      "args": [
        "[getStarted]"
      ],
      "result": "success",
      "subLogs": [
        {
          "commandName": "findElement",
          "args": [
            "{value=//*[@content-desc=\"GetStartedButton\"], using=xpath}"
          ],
          "result": "id: 2",
          "subLogs": [],
          "duration": 319
        },
        {
          "commandName": "findElement",
          "args": [
            "By.xpath: //*[@content-desc=\"GetStartedButton\"]",
            "{}"
          ],
          "result": "OK",
          "subLogs": [],
          "duration": -1
        },
        {
          "commandName": "clickElement",
          "args": [
            "By.xpath: //*[@content-desc=\"GetStartedButton\"]",
            "{\"id\":\"2\"}"
          ],
          "result": "clickElement:null",
          "subLogs": [],
          "duration": 443
        }
      ],
      "duration": -1
    },
    {
      "commandName": "cucmber.switchWebviewContext",
      "args": [
        "[]"
      ],
      "result": "success",
      "subLogs": [
        {
          "commandName": "switchToContext",
          "args": [
            "{name=WEBVIEW}"
          ],
          "result": "null",
          "subLogs": [],
          "duration": 56
        }
      ],
      "duration": -1
    },
    {
      "commandName": "iLoginToPaneraBreadApp",
      "args": [
        "[]"
      ],
      "result": "fail",
      "subLogs": [
        {
          "commandName": "findElement",
          "args": [
            "{value=(//input[@id=\"signInName\"])[1], using=xpath}"
          ],
          "result": "id: 3",
          "subLogs": [],
          "duration": 1743
        },
        {
          "commandName": "findElement",
          "args": [
            "By.xpath: (//input[@id=\"signInName\"])[1]",
            "{}"
          ],
          "result": "OK",
          "subLogs": [],
          "duration": -1
        },
        {
          "commandName": "sendKeysToElement",
          "args": [
            "By.xpath: (//input[@id=\"signInName\"])[1]",
            "{\"id\":\"3\",\"value\":[\"spenn6@gmail.com\"]}"
          ],
          "result": "sendKeysToElement:null",
          "subLogs": [],
          "duration": 447
        },
        {
          "commandName": "click",
          "args": [
            "[signinButton]"
          ],
          "result": "success",
          "subLogs": [
            {
              "commandName": "findElement",
              "args": [
                "{value=//*[@class=\"buttons\"], using=xpath}"
              ],
              "result": "id: 4",
              "subLogs": [],
              "duration": 565
            },
            {
              "commandName": "findElement",
              "args": [
                "By.xpath: //*[@class=\"buttons\"]",
                "{}"
              ],
              "result": "OK",
              "subLogs": [],
              "duration": -1
            },
            {
              "commandName": "clickElement",
              "args": [
                "By.xpath: //*[@class=\"buttons\"]",
                "{\"id\":\"4\"}"
              ],
              "result": "clickElement:null",
              "subLogs": [],
              "duration": 391
            }
          ],
          "duration": -1
        },
        {
          "commandName": "sendKeys",
          "args": [
            "[Password123!, passwordField]"
          ],
          "result": "fail",
          "subLogs": [
            {
              "commandName": "findElement",
              "args": [
                "{value=//*[@id=\"password\"], using=xpath}"
              ],
              "result": "Element with by xpath '//*[@id=\"password\"]' wasn't found.\nFor documentation on this error, please visit: https://www.seleniumhq.org/exceptions/no_such_element.html\nBuild info: version: '3.141.59', revision: 'e82be7d358', time: '2018-11-14T08:17:03'\nDriver info: driver.version: PerfectoMobileDriver\nCommand duration or timeout: 0 milliseconds",
              "subLogs": [],
              "duration": 555
            },
            {
              "commandName": "findElement",
              "args": [
                "{value=//*[@id=\"password\"], using=xpath}"
              ],
              "result": "Element with by xpath '//*[@id=\"password\"]' wasn't found.\nFor documentation on this error, please visit: https://www.seleniumhq.org/exceptions/no_such_element.html\nBuild info: version: '3.141.59', revision: 'e82be7d358', time: '2018-11-14T08:17:03'\nDriver info: driver.version: PerfectoMobileDriver\nCommand duration or timeout: 0 milliseconds",
              "subLogs": [],
              "duration": 589
            },
            {
              "commandName": "findElement",
              "args": [
                "{value=//*[@id=\"password\"], using=xpath}"
              ],
              "result": "Element with by xpath '//*[@id=\"password\"]' wasn't found.\nFor documentation on this error, please visit: https://www.seleniumhq.org/exceptions/no_such_element.html\nBuild info: version: '3.141.59', revision: 'e82be7d358', time: '2018-11-14T08:17:03'\nDriver info: driver.version: PerfectoMobileDriver\nCommand duration or timeout: 0 milliseconds",
              "subLogs": [],
              "duration": 519
            },
            {
              "commandName": "findElement",
              "args": [
                "{value=//*[@id=\"password\"], using=xpath}"
              ],
              "result": "Element with by xpath '//*[@id=\"password\"]' wasn't found.\nFor documentation on this error, please visit: https://www.seleniumhq.org/exceptions/no_such_element.html\nBuild info: version: '3.141.59', revision: 'e82be7d358', time: '2018-11-14T08:17:03'\nDriver info: driver.version: PerfectoMobileDriver\nCommand duration or timeout: 0 milliseconds",
              "subLogs": [],
              "duration": 552
            },
            {
              "commandName": "findElement",
              "args": [
                "{value=//*[@id=\"password\"], using=xpath}"
              ],
              "result": "Element with by xpath '//*[@id=\"password\"]' wasn't found.\nFor documentation on this error, please visit: https://www.seleniumhq.org/exceptions/no_such_element.html\nBuild info: version: '3.141.59', revision: 'e82be7d358', time: '2018-11-14T08:17:03'\nDriver info: driver.version: PerfectoMobileDriver\nCommand duration or timeout: 0 milliseconds",
              "subLogs": [],
              "duration": 516
            },
            {
              "commandName": "findElement",
              "args": [
                "{value=//*[@id=\"password\"], using=xpath}"
              ],
              "result": "Element with by xpath '//*[@id=\"password\"]' wasn't found.\nFor documentation on this error, please visit: https://www.seleniumhq.org/exceptions/no_such_element.html\nBuild info: version: '3.141.59', revision: 'e82be7d358', time: '2018-11-14T08:17:03'\nDriver info: driver.version: PerfectoMobileDriver\nCommand duration or timeout: 0 milliseconds",
              "subLogs": [],
              "duration": 773
            },
            {
              "commandName": "findElement",
              "args": [
                "{value=//*[@id=\"password\"], using=xpath}"
              ],
              "result": "Element with by xpath '//*[@id=\"password\"]' wasn't found.\nFor documentation on this error, please visit: https://www.seleniumhq.org/exceptions/no_such_element.html\nBuild info: version: '3.141.59', revision: 'e82be7d358', time: '2018-11-14T08:17:03'\nDriver info: driver.version: PerfectoMobileDriver\nCommand duration or timeout: 0 milliseconds",
              "subLogs": [],
              "duration": 538
            },
            {
              "commandName": "findElement",
              "args": [
                "{value=//*[@id=\"password\"], using=xpath}"
              ],
              "result": "Element with by xpath '//*[@id=\"password\"]' wasn't found.\nFor documentation on this error, please visit: https://www.seleniumhq.org/exceptions/no_such_element.html\nBuild info: version: '3.141.59', revision: 'e82be7d358', time: '2018-11-14T08:17:03'\nDriver info: driver.version: PerfectoMobileDriver\nCommand duration or timeout: 0 milliseconds",
              "subLogs": [],
              "duration": 543
            },
            {
              "commandName": "findElement",
              "args": [
                "{value=//*[@id=\"password\"], using=xpath}"
              ],
              "result": "Element with by xpath '//*[@id=\"password\"]' wasn't found.\nFor documentation on this error, please visit: https://www.seleniumhq.org/exceptions/no_such_element.html\nBuild info: version: '3.141.59', revision: 'e82be7d358', time: '2018-11-14T08:17:03'\nDriver info: driver.version: PerfectoMobileDriver\nCommand duration or timeout: 0 milliseconds",
              "subLogs": [],
              "duration": 457
            },
            {
              "commandName": "findElement",
              "args": [
                "{value=//*[@id=\"password\"], using=xpath}"
              ],
              "result": "Element with by xpath '//*[@id=\"password\"]' wasn't found.\nFor documentation on this error, please visit: https://www.seleniumhq.org/exceptions/no_such_element.html\nBuild info: version: '3.141.59', revision: 'e82be7d358', time: '2018-11-14T08:17:03'\nDriver info: driver.version: PerfectoMobileDriver\nCommand duration or timeout: 0 milliseconds",
              "subLogs": [],
              "duration": 498
            },
            {
              "commandName": "findElement",
              "args": [
                "{value=//*[@id=\"password\"], using=xpath}"
              ],
              "result": "Element with by xpath '//*[@id=\"password\"]' wasn't found.\nFor documentation on this error, please visit: https://www.seleniumhq.org/exceptions/no_such_element.html\nBuild info: version: '3.141.59', revision: 'e82be7d358', time: '2018-11-14T08:17:03'\nDriver info: driver.version: PerfectoMobileDriver\nCommand duration or timeout: 0 milliseconds",
              "subLogs": [],
              "duration": 562
            },
            {
              "commandName": "findElement",
              "args": [
                "{value=//*[@id=\"password\"], using=xpath}"
              ],
              "result": "Element with by xpath '//*[@id=\"password\"]' wasn't found.\nFor documentation on this error, please visit: https://www.seleniumhq.org/exceptions/no_such_element.html\nBuild info: version: '3.141.59', revision: 'e82be7d358', time: '2018-11-14T08:17:03'\nDriver info: driver.version: PerfectoMobileDriver\nCommand duration or timeout: 0 milliseconds",
              "subLogs": [],
              "duration": 536
            },
            {
              "commandName": "findElement",
              "args": [
                "{value=//*[@id=\"password\"], using=xpath}"
              ],
              "result": "Element with by xpath '//*[@id=\"password\"]' wasn't found.\nFor documentation on this error, please visit: https://www.seleniumhq.org/exceptions/no_such_element.html\nBuild info: version: '3.141.59', revision: 'e82be7d358', time: '2018-11-14T08:17:03'\nDriver info: driver.version: PerfectoMobileDriver\nCommand duration or timeout: 0 milliseconds",
              "subLogs": [],
              "duration": 527
            },
            {
              "commandName": "findElement",
              "args": [
                "{value=//*[@id=\"password\"], using=xpath}"
              ],
              "result": "Element with by xpath '//*[@id=\"password\"]' wasn't found.\nFor documentation on this error, please visit: https://www.seleniumhq.org/exceptions/no_such_element.html\nBuild info: version: '3.141.59', revision: 'e82be7d358', time: '2018-11-14T08:17:03'\nDriver info: driver.version: PerfectoMobileDriver\nCommand duration or timeout: 0 milliseconds",
              "subLogs": [],
              "duration": 499
            },
            {
              "commandName": "findElement",
              "args": [
                "{value=//*[@id=\"password\"], using=xpath}"
              ],
              "result": "Element with by xpath '//*[@id=\"password\"]' wasn't found.\nFor documentation on this error, please visit: https://www.seleniumhq.org/exceptions/no_such_element.html\nBuild info: version: '3.141.59', revision: 'e82be7d358', time: '2018-11-14T08:17:03'\nDriver info: driver.version: PerfectoMobileDriver\nCommand duration or timeout: 0 milliseconds",
              "subLogs": [],
              "duration": 547
            },
            {
              "commandName": "findElement",
              "args": [
                "{value=//*[@id=\"password\"], using=xpath}"
              ],
              "result": "Element with by xpath '//*[@id=\"password\"]' wasn't found.\nFor documentation on this error, please visit: https://www.seleniumhq.org/exceptions/no_such_element.html\nBuild info: version: '3.141.59', revision: 'e82be7d358', time: '2018-11-14T08:17:03'\nDriver info: driver.version: PerfectoMobileDriver\nCommand duration or timeout: 0 milliseconds",
              "subLogs": [],
              "duration": 535
            },
            {
              "commandName": "findElement",
              "args": [
                "{value=//*[@id=\"password\"], using=xpath}"
              ],
              "result": "Element with by xpath '//*[@id=\"password\"]' wasn't found.\nFor documentation on this error, please visit: https://www.seleniumhq.org/exceptions/no_such_element.html\nBuild info: version: '3.141.59', revision: 'e82be7d358', time: '2018-11-14T08:17:03'\nDriver info: driver.version: PerfectoMobileDriver\nCommand duration or timeout: 0 milliseconds",
              "subLogs": [],
              "duration": 492
            },
            {
              "commandName": "findElement",
              "args": [
                "{value=//*[@id=\"password\"], using=xpath}"
              ],
              "result": "Element with by xpath '//*[@id=\"password\"]' wasn't found.\nFor documentation on this error, please visit: https://www.seleniumhq.org/exceptions/no_such_element.html\nBuild info: version: '3.141.59', revision: 'e82be7d358', time: '2018-11-14T08:17:03'\nDriver info: driver.version: PerfectoMobileDriver\nCommand duration or timeout: 0 milliseconds",
              "subLogs": [],
              "duration": 528
            },
            {
              "commandName": "findElement",
              "args": [
                "{value=//*[@id=\"password\"], using=xpath}"
              ],
              "result": "Element with by xpath '//*[@id=\"password\"]' wasn't found.\nFor documentation on this error, please visit: https://www.seleniumhq.org/exceptions/no_such_element.html\nBuild info: version: '3.141.59', revision: 'e82be7d358', time: '2018-11-14T08:17:03'\nDriver info: driver.version: PerfectoMobileDriver\nCommand duration or timeout: 0 milliseconds",
              "subLogs": [],
              "duration": 538
            },
            {
              "commandName": "findElement",
              "args": [
                "{value=//*[@id=\"password\"], using=xpath}"
              ],
              "result": "Element with by xpath '//*[@id=\"password\"]' wasn't found.\nFor documentation on this error, please visit: https://www.seleniumhq.org/exceptions/no_such_element.html\nBuild info: version: '3.141.59', revision: 'e82be7d358', time: '2018-11-14T08:17:03'\nDriver info: driver.version: PerfectoMobileDriver\nCommand duration or timeout: 0 milliseconds",
              "subLogs": [],
              "duration": 562
            },
            {
              "commandName": "findElement",
              "args": [
                "{value=//*[@id=\"password\"], using=xpath}"
              ],
              "result": "Element with by xpath '//*[@id=\"password\"]' wasn't found.\nFor documentation on this error, please visit: https://www.seleniumhq.org/exceptions/no_such_element.html\nBuild info: version: '3.141.59', revision: 'e82be7d358', time: '2018-11-14T08:17:03'\nDriver info: driver.version: PerfectoMobileDriver\nCommand duration or timeout: 0 milliseconds",
              "subLogs": [],
              "duration": 903
            },
            {
              "commandName": "sendKeysToElement",
              "args": [
                "By.xpath: //*[@id=\"password\"]",
                "{\"id\":\"-1\",\"value\":[\"Password123!\"]}"
              ],
              "result": "Timed out after 30 seconds waiting for presence of element located by: By.xpath: //*[@id=\"password\"]",
              "subLogs": [],
              "duration": -1402750658
            },
            {
              "commandName": "findElements",
              "args": [
                "{value=//*[@id=\"password\"], using=xpath}"
              ],
              "result": "[]",
              "subLogs": [],
              "duration": 520
            }
          ],
          "duration": -1
        }
      ],
      "duration": -1
    }
  ],
  "checkPoints": [
    {
      "message": "Given I click on \"whileUsing\" and ignore errors",
      "type": "TestStepPass",
      "screenshot": null,
      "duration": 5020,
      "threshold": 0,
      "subCheckPoints": []
    },
    {
      "message": "Then I click on \"allow\" and ignore errors",
      "type": "TestStepPass",
      "screenshot": null,
      "duration": 1308,
      "threshold": 0,
      "subCheckPoints": []
    },
    {
      "message": "And I click on \"getStarted\" and ignore errors",
      "type": "TestStepPass",
      "screenshot": null,
      "duration": 767,
      "threshold": 0,
      "subCheckPoints": []
    },
    {
      "message": "Then I switch to webview context",
      "type": "TestStepPass",
      "screenshot": null,
      "duration": 60,
      "threshold": 0,
      "subCheckPoints": []
    },
    {
      "message": "When I login to Winn Dixie app",
      "type": "TestStepFail",
      "screenshot": "img/LoginToWinnDixieApp_8xu3mo9y2hlh38328.png",
      "duration": 35779,
      "threshold": 0,
      "subCheckPoints": [
        {
          "message": "click on 'signinButton'",
          "type": "TestStepPass",
          "screenshot": null,
          "duration": 958,
          "threshold": 0,
          "subCheckPoints": []
        },
        {
          "message": "sendKeys 'Password123!' into 'passwordField'",
          "type": "TestStepFail",
          "screenshot": null,
          "duration": 32399,
          "threshold": 0,
          "subCheckPoints": [
            {
              "message": "org.openqa.selenium.TimeoutException: Timed out after 30 seconds waiting for presence of element located by: By.xpath: //*[@id=\"password\"]",
              "type": "Fail",
              "screenshot": null,
              "duration": 0,
              "threshold": 0,
              "subCheckPoints": []
            }
          ]
        },
        {
          "message": "Timed out after 30 seconds waiting for presence of element located by: By.xpath: //*[@id=\"password\"]",
          "type": "Fail",
          "screenshot": null,
          "duration": 0,
          "threshold": 0,
          "subCheckPoints": []
        }
      ]
    }
  ],
  "errorTrace": "org.openqa.selenium.TimeoutException: Timed out after 30 seconds waiting for presence of element located by: By.xpath: //*[@id=\"password\"]\n\tat .When I login to Winn Dixie app(src/main/resources/scenarios/WinnDixie.feature:17)\n\tat com.qmetry.qaf.automation.ui.util.DynamicWait.until(DynamicWait.java:168)\n\tat com.qmetry.qaf.automation.ui.webdriver.QAFExtendedWebDriver.load(QAFExtendedWebDriver.java:213)\n\tat com.qmetry.qaf.automation.ui.webdriver.QAFExtendedWebElement.load(QAFExtendedWebElement.java:302)\n\tat com.qmetry.qaf.automation.ui.webdriver.QAFExtendedWebElement.execute(QAFExtendedWebElement.java:249)\n\tat org.openqa.selenium.remote.RemoteWebElement.sendKeys(RemoteWebElement.java:106)\n\tat com.qmetry.qaf.automation.step.CommonStep.sendKeys_aroundBody6(CommonStep.java:111)\n\tat com.qmetry.qaf.automation.step.JavaStepReporter$MockJavaStep.doExecute(JavaStepReporter.java:130)\n\tat com.qmetry.qaf.automation.step.BaseTestStep.execute(BaseTestStep.java:149)\n\tat com.qmetry.qaf.automation.step.JavaStepReporter.javaTestStep(JavaStepReporter.java:80)\n\tat com.qmetry.qaf.automation.step.CommonStep.sendKeys(CommonStep.java:110)\n\tat com.quantum.steps.WinnDixieStepDefs.iLoginToPaneraBreadApp(WinnDixieStepDefs.java:17)\n\tat com.qmetry.qaf.automation.step.JavaStep.doExecute(JavaStep.java:150)\n\tat com.qmetry.qaf.automation.step.BaseTestStep.execute(BaseTestStep.java:149)\n\tat com.qmetry.qaf.automation.step.StringTestStep.execute(StringTestStep.java:127)\n\tat com.qmetry.qaf.automation.step.client.Scenario.execute(Scenario.java:174)\n\tat com.qmetry.qaf.automation.step.client.Scenario.scenario(Scenario.java:237)\n\tat java.util.concurrent.FutureTask.run(FutureTask.java:266)\n\tat java.util.concurrent.ThreadPoolExecutor.runWorker(ThreadPoolExecutor.java:1149)\n\tat java.util.concurrent.ThreadPoolExecutor$Worker.run(ThreadPoolExecutor.java:624)\n\tat java.lang.Thread.run(Thread.java:748)\nCaused by: org.openqa.selenium.NoSuchElementException: Element with by xpath '//*[@id=\"password\"]' wasn't found.\nFor documentation on this error, please visit: https://www.seleniumhq.org/exceptions/no_such_element.html\nBuild info: version: '3.141.59', revision: 'e82be7d358', time: '2018-11-14T08:17:03'\nDriver info: driver.version: PerfectoMobileDriver\nCommand duration or timeout: 0 milliseconds\n\tat sun.reflect.GeneratedConstructorAccessor29.newInstance(Unknown Source)\n\tat sun.reflect.DelegatingConstructorAccessorImpl.newInstance(DelegatingConstructorAccessorImpl.java:45)\n\tat java.lang.reflect.Constructor.newInstance(Constructor.java:423)\n\tat org.openqa.selenium.remote.ErrorHandler.createThrowable(ErrorHandler.java:214)\n\tat org.openqa.selenium.remote.ErrorHandler.throwIfResponseFailed(ErrorHandler.java:166)\n\tat org.openqa.selenium.remote.http.JsonHttpResponseCodec.reconstructValue(JsonHttpResponseCodec.java:40)\n\tat org.openqa.selenium.remote.http.AbstractHttpResponseCodec.decode(AbstractHttpResponseCodec.java:80)\n\tat org.openqa.selenium.remote.http.AbstractHttpResponseCodec.decode(AbstractHttpResponseCodec.java:44)\n\tat org.openqa.selenium.remote.HttpCommandExecutor.execute(HttpCommandExecutor.java:158)\n\tat io.appium.java_client.remote.AppiumCommandExecutor.execute(AppiumCommandExecutor.java:239)\n\tat org.openqa.selenium.remote.RemoteWebDriver.execute(RemoteWebDriver.java:552)\n\tat com.qmetry.qaf.automation.ui.webdriver.QAFExtendedWebDriver.execute(QAFExtendedWebDriver.java:233)\n\tat org.openqa.selenium.remote.RemoteWebDriver.findElement(RemoteWebDriver.java:323)\n\tat org.openqa.selenium.remote.RemoteWebDriver.findElementByXPath(RemoteWebDriver.java:428)\n\tat com.qmetry.qaf.automation.ui.webdriver.QAFExtendedWebDriver.findElementByXPath(QAFExtendedWebDriver.java:396)\n\tat com.qmetry.qaf.automation.ui.webdriver.QAFExtendedWebDriver.findElementByXPath(QAFExtendedWebDriver.java:78)\n\tat org.openqa.selenium.By$ByXPath.findElement(By.java:353)\n\tat org.openqa.selenium.remote.RemoteWebDriver.findElement(RemoteWebDriver.java:315)\n\tat com.qmetry.qaf.automation.ui.webdriver.QAFExtendedWebDriver.findElement(QAFExtendedWebDriver.java:169)\n\tat com.qmetry.qaf.automation.ui.webdriver.QAFExtendedWebDriver.findElement(QAFExtendedWebDriver.java:78)\n\tat org.openqa.selenium.support.ui.ExpectedConditions$6.apply(ExpectedConditions.java:182)\n\tat org.openqa.selenium.support.ui.ExpectedConditions$6.apply(ExpectedConditions.java:179)\n\tat com.qmetry.qaf.automation.ui.util.DynamicWait.until(DynamicWait.java:147)\n\tat com.qmetry.qaf.automation.ui.webdriver.QAFExtendedWebDriver.load(QAFExtendedWebDriver.java:213)\n\tat com.qmetry.qaf.automation.ui.webdriver.QAFExtendedWebElement.load(QAFExtendedWebElement.java:302)\n\tat com.qmetry.qaf.automation.ui.webdriver.QAFExtendedWebElement.execute(QAFExtendedWebElement.java:249)\n\tat org.openqa.selenium.remote.RemoteWebElement.sendKeys(RemoteWebElement.java:106)\n\tat com.qmetry.qaf.automation.step.CommonStep.sendKeys_aroundBody6(CommonStep.java:111)\n\tat com.qmetry.qaf.automation.step.CommonStep$AjcClosure7.run(CommonStep.java:1)\n\tat org.aspectj.runtime.reflect.JoinPointImpl.proceed(JoinPointImpl.java:167)\n\tat com.qmetry.qaf.automation.step.JavaStepReporter$MockJavaStep.doExecute(JavaStepReporter.java:130)\n\tat com.qmetry.qaf.automation.step.BaseTestStep.execute(BaseTestStep.java:149)\n\tat com.qmetry.qaf.automation.step.JavaStepReporter.javaTestStep(JavaStepReporter.java:80)\n\tat com.qmetry.qaf.automation.step.CommonStep.sendKeys(CommonStep.java:110)\n\tat com.quantum.steps.WinnDixieStepDefs.iLoginToPaneraBreadApp(WinnDixieStepDefs.java:17)\n\tat sun.reflect.NativeMethodAccessorImpl.invoke0(Native Method)\n\tat sun.reflect.NativeMethodAccessorImpl.invoke(NativeMethodAccessorImpl.java:62)\n\tat sun.reflect.DelegatingMethodAccessorImpl.invoke(DelegatingMethodAccessorImpl.java:43)\n\tat java.lang.reflect.Method.invoke(Method.java:498)\n\tat com.qmetry.qaf.automation.step.JavaStep.doExecute(JavaStep.java:150)\n\tat com.qmetry.qaf.automation.step.BaseTestStep.execute(BaseTestStep.java:149)\n\tat com.qmetry.qaf.automation.step.StringTestStep.execute(StringTestStep.java:127)\n\tat com.qmetry.qaf.automation.step.client.Scenario.execute(Scenario.java:174)\n\tat com.qmetry.qaf.automation.step.client.Scenario.scenario(Scenario.java:237)\n\tat sun.reflect.NativeMethodAccessorImpl.invoke0(Native Method)\n\tat sun.reflect.NativeMethodAccessorImpl.invoke(NativeMethodAccessorImpl.java:62)\n\tat sun.reflect.DelegatingMethodAccessorImpl.invoke(DelegatingMethodAccessorImpl.java:43)\n\tat java.lang.reflect.Method.invoke(Method.java:498)\n\tat org.testng.internal.MethodInvocationHelper.invokeMethod(MethodInvocationHelper.java:104)\n\tat org.testng.internal.Invoker.invokeMethod(Invoker.java:645)\n\tat org.testng.internal.Invoker.invokeTestMethod(Invoker.java:851)\n\tat org.testng.internal.Invoker.invokeTestMethods(Invoker.java:1177)\n\tat org.testng.internal.TestMethodWorker.invokeTestMethods(TestMethodWorker.java:129)\n\tat org.testng.internal.TestMethodWorker.run(TestMethodWorker.java:112)\n\tat org.testng.TestRunner.privateRun(TestRunner.java:778)\n\tat org.testng.TestRunner.run(TestRunner.java:632)\n\tat org.testng.SuiteRunner.runTest(SuiteRunner.java:387)\n\tat org.testng.SuiteRunner.access$000(SuiteRunner.java:39)\n\tat org.testng.SuiteRunner$SuiteWorker.run(SuiteRunner.java:421)\n\tat org.testng.internal.thread.ThreadUtil$2.call(ThreadUtil.java:64)\n\t... 4 more\nCaused by: org.openqa.selenium.NoSuchElementException: Element with by xpath '//*[@id=\"password\"]' wasn't found.\nFor documentation on this error, please visit: https://www.seleniumhq.org/exceptions/no_such_element.html\nBuild info: version: '3.141.59', revision: 'e82be7d358', time: '2018-11-14T08:17:03'\nDriver info: driver.version: PerfectoMobileDriver\nFor documentation on this error, please visit: https://www.seleniumhq.org/exceptions/no_such_element.html\nBuild info: version: '3.141.59', revision: 'e82be7d358', time: '2018-11-14T08:17:03'\nSystem info: host: 'spenn0821', ip: '2601:c6:1:79a0:69ea:1f89:fa57:b3%en0', os.name: 'Mac OS X', os.arch: 'x86_64', os.version: '10.16', java.version: '1.8.0_202'\nDriver info: driver.version: PerfectoMobileDriver\n\tat com.perfectomobile.selenium.MobileApplication.getSingleElement(MobileApplication.java:337)\n\tat com.perfectomobile.selenium.MobileApplication.findElementByXPath(MobileApplication.java:193)\n\tat org.openqa.selenium.By$ByXPath.findElement(By.java:353)\n\tat com.perfectomobile.selenium.MobileApplication.findElement(MobileApplication.java:132)\n\tat com.perfectomobile.selenium.server.PerfectoMobileDriver.findElement(PerfectoMobileDriver.java:1206)\n\tat org.openqa.selenium.remote.server.handler.FindElement.call(FindElement.java:49)\n\tat org.openqa.selenium.remote.server.handler.FindElement.call(FindElement.java:32)\n\tat org.openqa.selenium.remote.server.handler.WebDriverHandler.handle(WebDriverHandler.java:41)\n\tat org.openqa.selenium.remote.server.rest.ResultConfig.handle(ResultConfig.java:125)\n\tat org.openqa.selenium.remote.server.JsonHttpCommandHandler.handleRequest(JsonHttpCommandHandler.java:200)\n\tat org.openqa.selenium.remote.server.PerfectoMobileSession.execute(PerfectoMobileSession.java:72)\n\tat org.openqa.selenium.remote.server.MobileWebDriverServlet.lambda$handle$2(MobileWebDriverServlet.java:303)\n\tat java.util.concurrent.Executors$RunnableAdapter.call(Executors.java:511)\n\tat java.util.concurrent.FutureTask.run(FutureTask.java:266)\n\tat java.util.concurrent.ThreadPoolExecutor.runWorker(ThreadPoolExecutor.java:1142)\n\tat java.util.concurrent.ThreadPoolExecutor$Worker.run(ThreadPoolExecutor.java:617)\n\t... 1 more\n"
}