{
  "seleniumLog": [
    {
      "commandName": "loginToInvoiceApp",
      "args": [
        "[]"
      ],
      "result": "fail",
      "subLogs": [
        {
          "commandName": "get",
          "args": [
            "{url=http://expensetracker.perfectomobile.com}"
          ],
          "result": "null",
          "subLogs": [],
          "duration": 24066
        },
        {
          "commandName": "maximizeCurrentWindow",
          "args": [
            "{}"
          ],
          "result": "{height=1000, width=1296, x=-8, y=-8}",
          "subLogs": [],
          "duration": 221
        },
        {
          "commandName": "findElement",
          "args": [
            "{value=#login_email > input, using=css selector}"
          ],
          "result": "no such element: Unable to locate element: {\"method\":\"css selector\",\"selector\":\"#login_email > input\"}\n  (Session info: chrome=123.0.6312.123)\nFor documentation on this error, please visit: https://www.seleniumhq.org/exceptions/no_such_element.html\nBuild info: version: '3.141.59', revision: 'e82be7d358', time: '2018-11-14T08:17:03'\nSystem info: host: 'spenn0821', ip: '2600:1700:8df0:2160:f03d:db85:6af2:7f98%en0', os.name: 'Mac OS X', os.arch: 'x86_64', os.version: '10.16', java.version: '1.8.0_202'\nDriver info: com.qmetry.qaf.automation.ui.webdriver.QAFExtendedWebDriver\nCapabilities {acceptInsecureCerts: false, browserName: Chrome, browserVersion: 123, chrome: {chromedriverVersion: 123.0.6312.46 (29781e6ca5d2..., userDataDir: C:\\Users\\Perfecto\\AppData\\L...}, cssSelectorsEnabled: true, executionId: 1be85f7a-f418-4a66-b272-a16..., fedcm:accounts: true, goog:chromeOptions: {debuggerAddress: localhost:50191}, javascriptEnabled: true, location: US East, networkConnectionEnabled: false, pageLoadStrategy: normal, platform: WINDOWS, platformName: WINDOWS, platformVersion: 10, proxy: Proxy(), reportPdfUrl: https://demo.app.perfectomo..., resolution: 1280x1024, se:bidiEnabled: false, setWindowRect: true, stopUrl: https://demo.perfectomobile..., streamInfo: {\n  \"url\": \"https://demo.we..., strictFileInteractability: false, takesScreenshot: true, testGridReportUrl: https://demo.app.perfectomo..., timeouts: {implicit: 0, pageLoad: 300000, script: 30000}, unhandledPromptBehavior: dismiss and notify, webauthn:extension:credBlob: true, webauthn:extension:largeBlob: true, webauthn:extension:minPinLength: true, webauthn:extension:prf: true, webauthn:virtualAuthenticators: true}\nSession ID: 1be85f7a-f418-4a66-b272-a16c96854beb\n*** Element info: {Using=css selector, value=#login_email > input}",
          "subLogs": [],
          "duration": 345
        },
        {
          "commandName": "findElement",
          "args": [
            "{value=#login_email > input, using=css selector}"
          ],
          "result": "no such element: Unable to locate element: {\"method\":\"css selector\",\"selector\":\"#login_email > input\"}\n  (Session info: chrome=123.0.6312.123)\nFor documentation on this error, please visit: https://www.seleniumhq.org/exceptions/no_such_element.html\nBuild info: version: '3.141.59', revision: 'e82be7d358', time: '2018-11-14T08:17:03'\nSystem info: host: 'spenn0821', ip: '2600:1700:8df0:2160:f03d:db85:6af2:7f98%en0', os.name: 'Mac OS X', os.arch: 'x86_64', os.version: '10.16', java.version: '1.8.0_202'\nDriver info: com.qmetry.qaf.automation.ui.webdriver.QAFExtendedWebDriver\nCapabilities {acceptInsecureCerts: false, browserName: Chrome, browserVersion: 123, chrome: {chromedriverVersion: 123.0.6312.46 (29781e6ca5d2..., userDataDir: C:\\Users\\Perfecto\\AppData\\L...}, cssSelectorsEnabled: true, executionId: 1be85f7a-f418-4a66-b272-a16..., fedcm:accounts: true, goog:chromeOptions: {debuggerAddress: localhost:50191}, javascriptEnabled: true, location: US East, networkConnectionEnabled: false, pageLoadStrategy: normal, platform: WINDOWS, platformName: WINDOWS, platformVersion: 10, proxy: Proxy(), reportPdfUrl: https://demo.app.perfectomo..., resolution: 1280x1024, se:bidiEnabled: false, setWindowRect: true, stopUrl: https://demo.perfectomobile..., streamInfo: {\n  \"url\": \"https://demo.we..., strictFileInteractability: false, takesScreenshot: true, testGridReportUrl: https://demo.app.perfectomo..., timeouts: {implicit: 0, pageLoad: 300000, script: 30000}, unhandledPromptBehavior: dismiss and notify, webauthn:extension:credBlob: true, webauthn:extension:largeBlob: true, webauthn:extension:minPinLength: true, webauthn:extension:prf: true, webauthn:virtualAuthenticators: true}\nSession ID: 1be85f7a-f418-4a66-b272-a16c96854beb\n*** Element info: {Using=css selector, value=#login_email > input}",
          "subLogs": [],
          "duration": 288
        },
        {
          "commandName": "findElement",
          "args": [
            "{value=#login_email > input, using=css selector}"
          ],
          "result": "no such element: Unable to locate element: {\"method\":\"css selector\",\"selector\":\"#login_email > input\"}\n  (Session info: chrome=123.0.6312.123)\nFor documentation on this error, please visit: https://www.seleniumhq.org/exceptions/no_such_element.html\nBuild info: version: '3.141.59', revision: 'e82be7d358', time: '2018-11-14T08:17:03'\nSystem info: host: 'spenn0821', ip: '2600:1700:8df0:2160:f03d:db85:6af2:7f98%en0', os.name: 'Mac OS X', os.arch: 'x86_64', os.version: '10.16', java.version: '1.8.0_202'\nDriver info: com.qmetry.qaf.automation.ui.webdriver.QAFExtendedWebDriver\nCapabilities {acceptInsecureCerts: false, browserName: Chrome, browserVersion: 123, chrome: {chromedriverVersion: 123.0.6312.46 (29781e6ca5d2..., userDataDir: C:\\Users\\Perfecto\\AppData\\L...}, cssSelectorsEnabled: true, executionId: 1be85f7a-f418-4a66-b272-a16..., fedcm:accounts: true, goog:chromeOptions: {debuggerAddress: localhost:50191}, javascriptEnabled: true, location: US East, networkConnectionEnabled: false, pageLoadStrategy: normal, platform: WINDOWS, platformName: WINDOWS, platformVersion: 10, proxy: Proxy(), reportPdfUrl: https://demo.app.perfectomo..., resolution: 1280x1024, se:bidiEnabled: false, setWindowRect: true, stopUrl: https://demo.perfectomobile..., streamInfo: {\n  \"url\": \"https://demo.we..., strictFileInteractability: false, takesScreenshot: true, testGridReportUrl: https://demo.app.perfectomo..., timeouts: {implicit: 0, pageLoad: 300000, script: 30000}, unhandledPromptBehavior: dismiss and notify, webauthn:extension:credBlob: true, webauthn:extension:largeBlob: true, webauthn:extension:minPinLength: true, webauthn:extension:prf: true, webauthn:virtualAuthenticators: true}\nSession ID: 1be85f7a-f418-4a66-b272-a16c96854beb\n*** Element info: {Using=css selector, value=#login_email > input}",
          "subLogs": [],
          "duration": 344
        },
        {
          "commandName": "findElement",
          "args": [
            "{value=#login_email > input, using=css selector}"
          ],
          "result": "no such element: Unable to locate element: {\"method\":\"css selector\",\"selector\":\"#login_email > input\"}\n  (Session info: chrome=123.0.6312.123)\nFor documentation on this error, please visit: https://www.seleniumhq.org/exceptions/no_such_element.html\nBuild info: version: '3.141.59', revision: 'e82be7d358', time: '2018-11-14T08:17:03'\nSystem info: host: 'spenn0821', ip: '2600:1700:8df0:2160:f03d:db85:6af2:7f98%en0', os.name: 'Mac OS X', os.arch: 'x86_64', os.version: '10.16', java.version: '1.8.0_202'\nDriver info: com.qmetry.qaf.automation.ui.webdriver.QAFExtendedWebDriver\nCapabilities {acceptInsecureCerts: false, browserName: Chrome, browserVersion: 123, chrome: {chromedriverVersion: 123.0.6312.46 (29781e6ca5d2..., userDataDir: C:\\Users\\Perfecto\\AppData\\L...}, cssSelectorsEnabled: true, executionId: 1be85f7a-f418-4a66-b272-a16..., fedcm:accounts: true, goog:chromeOptions: {debuggerAddress: localhost:50191}, javascriptEnabled: true, location: US East, networkConnectionEnabled: false, pageLoadStrategy: normal, platform: WINDOWS, platformName: WINDOWS, platformVersion: 10, proxy: Proxy(), reportPdfUrl: https://demo.app.perfectomo..., resolution: 1280x1024, se:bidiEnabled: false, setWindowRect: true, stopUrl: https://demo.perfectomobile..., streamInfo: {\n  \"url\": \"https://demo.we..., strictFileInteractability: false, takesScreenshot: true, testGridReportUrl: https://demo.app.perfectomo..., timeouts: {implicit: 0, pageLoad: 300000, script: 30000}, unhandledPromptBehavior: dismiss and notify, webauthn:extension:credBlob: true, webauthn:extension:largeBlob: true, webauthn:extension:minPinLength: true, webauthn:extension:prf: true, webauthn:virtualAuthenticators: true}\nSession ID: 1be85f7a-f418-4a66-b272-a16c96854beb\n*** Element info: {Using=css selector, value=#login_email > input}",
          "subLogs": [],
          "duration": 298
        },
        {
          "commandName": "findElement",
          "args": [
            "{value=#login_email > input, using=css selector}"
          ],
          "result": "no such element: Unable to locate element: {\"method\":\"css selector\",\"selector\":\"#login_email > input\"}\n  (Session info: chrome=123.0.6312.123)\nFor documentation on this error, please visit: https://www.seleniumhq.org/exceptions/no_such_element.html\nBuild info: version: '3.141.59', revision: 'e82be7d358', time: '2018-11-14T08:17:03'\nSystem info: host: 'spenn0821', ip: '2600:1700:8df0:2160:f03d:db85:6af2:7f98%en0', os.name: 'Mac OS X', os.arch: 'x86_64', os.version: '10.16', java.version: '1.8.0_202'\nDriver info: com.qmetry.qaf.automation.ui.webdriver.QAFExtendedWebDriver\nCapabilities {acceptInsecureCerts: false, browserName: Chrome, browserVersion: 123, chrome: {chromedriverVersion: 123.0.6312.46 (29781e6ca5d2..., userDataDir: C:\\Users\\Perfecto\\AppData\\L...}, cssSelectorsEnabled: true, executionId: 1be85f7a-f418-4a66-b272-a16..., fedcm:accounts: true, goog:chromeOptions: {debuggerAddress: localhost:50191}, javascriptEnabled: true, location: US East, networkConnectionEnabled: false, pageLoadStrategy: normal, platform: WINDOWS, platformName: WINDOWS, platformVersion: 10, proxy: Proxy(), reportPdfUrl: https://demo.app.perfectomo..., resolution: 1280x1024, se:bidiEnabled: false, setWindowRect: true, stopUrl: https://demo.perfectomobile..., streamInfo: {\n  \"url\": \"https://demo.we..., strictFileInteractability: false, takesScreenshot: true, testGridReportUrl: https://demo.app.perfectomo..., timeouts: {implicit: 0, pageLoad: 300000, script: 30000}, unhandledPromptBehavior: dismiss and notify, webauthn:extension:credBlob: true, webauthn:extension:largeBlob: true, webauthn:extension:minPinLength: true, webauthn:extension:prf: true, webauthn:virtualAuthenticators: true}\nSession ID: 1be85f7a-f418-4a66-b272-a16c96854beb\n*** Element info: {Using=css selector, value=#login_email > input}",
          "subLogs": [],
          "duration": 391
        },
        {
          "commandName": "findElement",
          "args": [
            "{value=#login_email > input, using=css selector}"
          ],
          "result": "no such element: Unable to locate element: {\"method\":\"css selector\",\"selector\":\"#login_email > input\"}\n  (Session info: chrome=123.0.6312.123)\nFor documentation on this error, please visit: https://www.seleniumhq.org/exceptions/no_such_element.html\nBuild info: version: '3.141.59', revision: 'e82be7d358', time: '2018-11-14T08:17:03'\nSystem info: host: 'spenn0821', ip: '2600:1700:8df0:2160:f03d:db85:6af2:7f98%en0', os.name: 'Mac OS X', os.arch: 'x86_64', os.version: '10.16', java.version: '1.8.0_202'\nDriver info: com.qmetry.qaf.automation.ui.webdriver.QAFExtendedWebDriver\nCapabilities {acceptInsecureCerts: false, browserName: Chrome, browserVersion: 123, chrome: {chromedriverVersion: 123.0.6312.46 (29781e6ca5d2..., userDataDir: C:\\Users\\Perfecto\\AppData\\L...}, cssSelectorsEnabled: true, executionId: 1be85f7a-f418-4a66-b272-a16..., fedcm:accounts: true, goog:chromeOptions: {debuggerAddress: localhost:50191}, javascriptEnabled: true, location: US East, networkConnectionEnabled: false, pageLoadStrategy: normal, platform: WINDOWS, platformName: WINDOWS, platformVersion: 10, proxy: Proxy(), reportPdfUrl: https://demo.app.perfectomo..., resolution: 1280x1024, se:bidiEnabled: false, setWindowRect: true, stopUrl: https://demo.perfectomobile..., streamInfo: {\n  \"url\": \"https://demo.we..., strictFileInteractability: false, takesScreenshot: true, testGridReportUrl: https://demo.app.perfectomo..., timeouts: {implicit: 0, pageLoad: 300000, script: 30000}, unhandledPromptBehavior: dismiss and notify, webauthn:extension:credBlob: true, webauthn:extension:largeBlob: true, webauthn:extension:minPinLength: true, webauthn:extension:prf: true, webauthn:virtualAuthenticators: true}\nSession ID: 1be85f7a-f418-4a66-b272-a16c96854beb\n*** Element info: {Using=css selector, value=#login_email > input}",
          "subLogs": [],
          "duration": 333
        },
        {
          "commandName": "findElement",
          "args": [
            "{value=#login_email > input, using=css selector}"
          ],
          "result": "no such element: Unable to locate element: {\"method\":\"css selector\",\"selector\":\"#login_email > input\"}\n  (Session info: chrome=123.0.6312.123)\nFor documentation on this error, please visit: https://www.seleniumhq.org/exceptions/no_such_element.html\nBuild info: version: '3.141.59', revision: 'e82be7d358', time: '2018-11-14T08:17:03'\nSystem info: host: 'spenn0821', ip: '2600:1700:8df0:2160:f03d:db85:6af2:7f98%en0', os.name: 'Mac OS X', os.arch: 'x86_64', os.version: '10.16', java.version: '1.8.0_202'\nDriver info: com.qmetry.qaf.automation.ui.webdriver.QAFExtendedWebDriver\nCapabilities {acceptInsecureCerts: false, browserName: Chrome, browserVersion: 123, chrome: {chromedriverVersion: 123.0.6312.46 (29781e6ca5d2..., userDataDir: C:\\Users\\Perfecto\\AppData\\L...}, cssSelectorsEnabled: true, executionId: 1be85f7a-f418-4a66-b272-a16..., fedcm:accounts: true, goog:chromeOptions: {debuggerAddress: localhost:50191}, javascriptEnabled: true, location: US East, networkConnectionEnabled: false, pageLoadStrategy: normal, platform: WINDOWS, platformName: WINDOWS, platformVersion: 10, proxy: Proxy(), reportPdfUrl: https://demo.app.perfectomo..., resolution: 1280x1024, se:bidiEnabled: false, setWindowRect: true, stopUrl: https://demo.perfectomobile..., streamInfo: {\n  \"url\": \"https://demo.we..., strictFileInteractability: false, takesScreenshot: true, testGridReportUrl: https://demo.app.perfectomo..., timeouts: {implicit: 0, pageLoad: 300000, script: 30000}, unhandledPromptBehavior: dismiss and notify, webauthn:extension:credBlob: true, webauthn:extension:largeBlob: true, webauthn:extension:minPinLength: true, webauthn:extension:prf: true, webauthn:virtualAuthenticators: true}\nSession ID: 1be85f7a-f418-4a66-b272-a16c96854beb\n*** Element info: {Using=css selector, value=#login_email > input}",
          "subLogs": [],
          "duration": 387
        },
        {
          "commandName": "findElement",
          "args": [
            "{value=#login_email > input, using=css selector}"
          ],
          "result": "no such element: Unable to locate element: {\"method\":\"css selector\",\"selector\":\"#login_email > input\"}\n  (Session info: chrome=123.0.6312.123)\nFor documentation on this error, please visit: https://www.seleniumhq.org/exceptions/no_such_element.html\nBuild info: version: '3.141.59', revision: 'e82be7d358', time: '2018-11-14T08:17:03'\nSystem info: host: 'spenn0821', ip: '2600:1700:8df0:2160:f03d:db85:6af2:7f98%en0', os.name: 'Mac OS X', os.arch: 'x86_64', os.version: '10.16', java.version: '1.8.0_202'\nDriver info: com.qmetry.qaf.automation.ui.webdriver.QAFExtendedWebDriver\nCapabilities {acceptInsecureCerts: false, browserName: Chrome, browserVersion: 123, chrome: {chromedriverVersion: 123.0.6312.46 (29781e6ca5d2..., userDataDir: C:\\Users\\Perfecto\\AppData\\L...}, cssSelectorsEnabled: true, executionId: 1be85f7a-f418-4a66-b272-a16..., fedcm:accounts: true, goog:chromeOptions: {debuggerAddress: localhost:50191}, javascriptEnabled: true, location: US East, networkConnectionEnabled: false, pageLoadStrategy: normal, platform: WINDOWS, platformName: WINDOWS, platformVersion: 10, proxy: Proxy(), reportPdfUrl: https://demo.app.perfectomo..., resolution: 1280x1024, se:bidiEnabled: false, setWindowRect: true, stopUrl: https://demo.perfectomobile..., streamInfo: {\n  \"url\": \"https://demo.we..., strictFileInteractability: false, takesScreenshot: true, testGridReportUrl: https://demo.app.perfectomo..., timeouts: {implicit: 0, pageLoad: 300000, script: 30000}, unhandledPromptBehavior: dismiss and notify, webauthn:extension:credBlob: true, webauthn:extension:largeBlob: true, webauthn:extension:minPinLength: true, webauthn:extension:prf: true, webauthn:virtualAuthenticators: true}\nSession ID: 1be85f7a-f418-4a66-b272-a16c96854beb\n*** Element info: {Using=css selector, value=#login_email > input}",
          "subLogs": [],
          "duration": 312
        },
        {
          "commandName": "findElement",
          "args": [
            "{value=#login_email > input, using=css selector}"
          ],
          "result": "no such element: Unable to locate element: {\"method\":\"css selector\",\"selector\":\"#login_email > input\"}\n  (Session info: chrome=123.0.6312.123)\nFor documentation on this error, please visit: https://www.seleniumhq.org/exceptions/no_such_element.html\nBuild info: version: '3.141.59', revision: 'e82be7d358', time: '2018-11-14T08:17:03'\nSystem info: host: 'spenn0821', ip: '2600:1700:8df0:2160:f03d:db85:6af2:7f98%en0', os.name: 'Mac OS X', os.arch: 'x86_64', os.version: '10.16', java.version: '1.8.0_202'\nDriver info: com.qmetry.qaf.automation.ui.webdriver.QAFExtendedWebDriver\nCapabilities {acceptInsecureCerts: false, browserName: Chrome, browserVersion: 123, chrome: {chromedriverVersion: 123.0.6312.46 (29781e6ca5d2..., userDataDir: C:\\Users\\Perfecto\\AppData\\L...}, cssSelectorsEnabled: true, executionId: 1be85f7a-f418-4a66-b272-a16..., fedcm:accounts: true, goog:chromeOptions: {debuggerAddress: localhost:50191}, javascriptEnabled: true, location: US East, networkConnectionEnabled: false, pageLoadStrategy: normal, platform: WINDOWS, platformName: WINDOWS, platformVersion: 10, proxy: Proxy(), reportPdfUrl: https://demo.app.perfectomo..., resolution: 1280x1024, se:bidiEnabled: false, setWindowRect: true, stopUrl: https://demo.perfectomobile..., streamInfo: {\n  \"url\": \"https://demo.we..., strictFileInteractability: false, takesScreenshot: true, testGridReportUrl: https://demo.app.perfectomo..., timeouts: {implicit: 0, pageLoad: 300000, script: 30000}, unhandledPromptBehavior: dismiss and notify, webauthn:extension:credBlob: true, webauthn:extension:largeBlob: true, webauthn:extension:minPinLength: true, webauthn:extension:prf: true, webauthn:virtualAuthenticators: true}\nSession ID: 1be85f7a-f418-4a66-b272-a16c96854beb\n*** Element info: {Using=css selector, value=#login_email > input}",
          "subLogs": [],
          "duration": 363
        },
        {
          "commandName": "findElement",
          "args": [
            "{value=#login_email > input, using=css selector}"
          ],
          "result": "no such element: Unable to locate element: {\"method\":\"css selector\",\"selector\":\"#login_email > input\"}\n  (Session info: chrome=123.0.6312.123)\nFor documentation on this error, please visit: https://www.seleniumhq.org/exceptions/no_such_element.html\nBuild info: version: '3.141.59', revision: 'e82be7d358', time: '2018-11-14T08:17:03'\nSystem info: host: 'spenn0821', ip: '2600:1700:8df0:2160:f03d:db85:6af2:7f98%en0', os.name: 'Mac OS X', os.arch: 'x86_64', os.version: '10.16', java.version: '1.8.0_202'\nDriver info: com.qmetry.qaf.automation.ui.webdriver.QAFExtendedWebDriver\nCapabilities {acceptInsecureCerts: false, browserName: Chrome, browserVersion: 123, chrome: {chromedriverVersion: 123.0.6312.46 (29781e6ca5d2..., userDataDir: C:\\Users\\Perfecto\\AppData\\L...}, cssSelectorsEnabled: true, executionId: 1be85f7a-f418-4a66-b272-a16..., fedcm:accounts: true, goog:chromeOptions: {debuggerAddress: localhost:50191}, javascriptEnabled: true, location: US East, networkConnectionEnabled: false, pageLoadStrategy: normal, platform: WINDOWS, platformName: WINDOWS, platformVersion: 10, proxy: Proxy(), reportPdfUrl: https://demo.app.perfectomo..., resolution: 1280x1024, se:bidiEnabled: false, setWindowRect: true, stopUrl: https://demo.perfectomobile..., streamInfo: {\n  \"url\": \"https://demo.we..., strictFileInteractability: false, takesScreenshot: true, testGridReportUrl: https://demo.app.perfectomo..., timeouts: {implicit: 0, pageLoad: 300000, script: 30000}, unhandledPromptBehavior: dismiss and notify, webauthn:extension:credBlob: true, webauthn:extension:largeBlob: true, webauthn:extension:minPinLength: true, webauthn:extension:prf: true, webauthn:virtualAuthenticators: true}\nSession ID: 1be85f7a-f418-4a66-b272-a16c96854beb\n*** Element info: {Using=css selector, value=#login_email > input}",
          "subLogs": [],
          "duration": 326
        },
        {
          "commandName": "findElement",
          "args": [
            "{value=#login_email > input, using=css selector}"
          ],
          "result": "no such element: Unable to locate element: {\"method\":\"css selector\",\"selector\":\"#login_email > input\"}\n  (Session info: chrome=123.0.6312.123)\nFor documentation on this error, please visit: https://www.seleniumhq.org/exceptions/no_such_element.html\nBuild info: version: '3.141.59', revision: 'e82be7d358', time: '2018-11-14T08:17:03'\nSystem info: host: 'spenn0821', ip: '2600:1700:8df0:2160:f03d:db85:6af2:7f98%en0', os.name: 'Mac OS X', os.arch: 'x86_64', os.version: '10.16', java.version: '1.8.0_202'\nDriver info: com.qmetry.qaf.automation.ui.webdriver.QAFExtendedWebDriver\nCapabilities {acceptInsecureCerts: false, browserName: Chrome, browserVersion: 123, chrome: {chromedriverVersion: 123.0.6312.46 (29781e6ca5d2..., userDataDir: C:\\Users\\Perfecto\\AppData\\L...}, cssSelectorsEnabled: true, executionId: 1be85f7a-f418-4a66-b272-a16..., fedcm:accounts: true, goog:chromeOptions: {debuggerAddress: localhost:50191}, javascriptEnabled: true, location: US East, networkConnectionEnabled: false, pageLoadStrategy: normal, platform: WINDOWS, platformName: WINDOWS, platformVersion: 10, proxy: Proxy(), reportPdfUrl: https://demo.app.perfectomo..., resolution: 1280x1024, se:bidiEnabled: false, setWindowRect: true, stopUrl: https://demo.perfectomobile..., streamInfo: {\n  \"url\": \"https://demo.we..., strictFileInteractability: false, takesScreenshot: true, testGridReportUrl: https://demo.app.perfectomo..., timeouts: {implicit: 0, pageLoad: 300000, script: 30000}, unhandledPromptBehavior: dismiss and notify, webauthn:extension:credBlob: true, webauthn:extension:largeBlob: true, webauthn:extension:minPinLength: true, webauthn:extension:prf: true, webauthn:virtualAuthenticators: true}\nSession ID: 1be85f7a-f418-4a66-b272-a16c96854beb\n*** Element info: {Using=css selector, value=#login_email > input}",
          "subLogs": [],
          "duration": 319
        },
        {
          "commandName": "findElement",
          "args": [
            "{value=#login_email > input, using=css selector}"
          ],
          "result": "no such element: Unable to locate element: {\"method\":\"css selector\",\"selector\":\"#login_email > input\"}\n  (Session info: chrome=123.0.6312.123)\nFor documentation on this error, please visit: https://www.seleniumhq.org/exceptions/no_such_element.html\nBuild info: version: '3.141.59', revision: 'e82be7d358', time: '2018-11-14T08:17:03'\nSystem info: host: 'spenn0821', ip: '2600:1700:8df0:2160:f03d:db85:6af2:7f98%en0', os.name: 'Mac OS X', os.arch: 'x86_64', os.version: '10.16', java.version: '1.8.0_202'\nDriver info: com.qmetry.qaf.automation.ui.webdriver.QAFExtendedWebDriver\nCapabilities {acceptInsecureCerts: false, browserName: Chrome, browserVersion: 123, chrome: {chromedriverVersion: 123.0.6312.46 (29781e6ca5d2..., userDataDir: C:\\Users\\Perfecto\\AppData\\L...}, cssSelectorsEnabled: true, executionId: 1be85f7a-f418-4a66-b272-a16..., fedcm:accounts: true, goog:chromeOptions: {debuggerAddress: localhost:50191}, javascriptEnabled: true, location: US East, networkConnectionEnabled: false, pageLoadStrategy: normal, platform: WINDOWS, platformName: WINDOWS, platformVersion: 10, proxy: Proxy(), reportPdfUrl: https://demo.app.perfectomo..., resolution: 1280x1024, se:bidiEnabled: false, setWindowRect: true, stopUrl: https://demo.perfectomobile..., streamInfo: {\n  \"url\": \"https://demo.we..., strictFileInteractability: false, takesScreenshot: true, testGridReportUrl: https://demo.app.perfectomo..., timeouts: {implicit: 0, pageLoad: 300000, script: 30000}, unhandledPromptBehavior: dismiss and notify, webauthn:extension:credBlob: true, webauthn:extension:largeBlob: true, webauthn:extension:minPinLength: true, webauthn:extension:prf: true, webauthn:virtualAuthenticators: true}\nSession ID: 1be85f7a-f418-4a66-b272-a16c96854beb\n*** Element info: {Using=css selector, value=#login_email > input}",
          "subLogs": [],
          "duration": 423
        },
        {
          "commandName": "findElement",
          "args": [
            "{value=#login_email > input, using=css selector}"
          ],
          "result": "no such element: Unable to locate element: {\"method\":\"css selector\",\"selector\":\"#login_email > input\"}\n  (Session info: chrome=123.0.6312.123)\nFor documentation on this error, please visit: https://www.seleniumhq.org/exceptions/no_such_element.html\nBuild info: version: '3.141.59', revision: 'e82be7d358', time: '2018-11-14T08:17:03'\nSystem info: host: 'spenn0821', ip: '2600:1700:8df0:2160:f03d:db85:6af2:7f98%en0', os.name: 'Mac OS X', os.arch: 'x86_64', os.version: '10.16', java.version: '1.8.0_202'\nDriver info: com.qmetry.qaf.automation.ui.webdriver.QAFExtendedWebDriver\nCapabilities {acceptInsecureCerts: false, browserName: Chrome, browserVersion: 123, chrome: {chromedriverVersion: 123.0.6312.46 (29781e6ca5d2..., userDataDir: C:\\Users\\Perfecto\\AppData\\L...}, cssSelectorsEnabled: true, executionId: 1be85f7a-f418-4a66-b272-a16..., fedcm:accounts: true, goog:chromeOptions: {debuggerAddress: localhost:50191}, javascriptEnabled: true, location: US East, networkConnectionEnabled: false, pageLoadStrategy: normal, platform: WINDOWS, platformName: WINDOWS, platformVersion: 10, proxy: Proxy(), reportPdfUrl: https://demo.app.perfectomo..., resolution: 1280x1024, se:bidiEnabled: false, setWindowRect: true, stopUrl: https://demo.perfectomobile..., streamInfo: {\n  \"url\": \"https://demo.we..., strictFileInteractability: false, takesScreenshot: true, testGridReportUrl: https://demo.app.perfectomo..., timeouts: {implicit: 0, pageLoad: 300000, script: 30000}, unhandledPromptBehavior: dismiss and notify, webauthn:extension:credBlob: true, webauthn:extension:largeBlob: true, webauthn:extension:minPinLength: true, webauthn:extension:prf: true, webauthn:virtualAuthenticators: true}\nSession ID: 1be85f7a-f418-4a66-b272-a16c96854beb\n*** Element info: {Using=css selector, value=#login_email > input}",
          "subLogs": [],
          "duration": 311
        },
        {
          "commandName": "findElement",
          "args": [
            "{value=#login_email > input, using=css selector}"
          ],
          "result": "no such element: Unable to locate element: {\"method\":\"css selector\",\"selector\":\"#login_email > input\"}\n  (Session info: chrome=123.0.6312.123)\nFor documentation on this error, please visit: https://www.seleniumhq.org/exceptions/no_such_element.html\nBuild info: version: '3.141.59', revision: 'e82be7d358', time: '2018-11-14T08:17:03'\nSystem info: host: 'spenn0821', ip: '2600:1700:8df0:2160:f03d:db85:6af2:7f98%en0', os.name: 'Mac OS X', os.arch: 'x86_64', os.version: '10.16', java.version: '1.8.0_202'\nDriver info: com.qmetry.qaf.automation.ui.webdriver.QAFExtendedWebDriver\nCapabilities {acceptInsecureCerts: false, browserName: Chrome, browserVersion: 123, chrome: {chromedriverVersion: 123.0.6312.46 (29781e6ca5d2..., userDataDir: C:\\Users\\Perfecto\\AppData\\L...}, cssSelectorsEnabled: true, executionId: 1be85f7a-f418-4a66-b272-a16..., fedcm:accounts: true, goog:chromeOptions: {debuggerAddress: localhost:50191}, javascriptEnabled: true, location: US East, networkConnectionEnabled: false, pageLoadStrategy: normal, platform: WINDOWS, platformName: WINDOWS, platformVersion: 10, proxy: Proxy(), reportPdfUrl: https://demo.app.perfectomo..., resolution: 1280x1024, se:bidiEnabled: false, setWindowRect: true, stopUrl: https://demo.perfectomobile..., streamInfo: {\n  \"url\": \"https://demo.we..., strictFileInteractability: false, takesScreenshot: true, testGridReportUrl: https://demo.app.perfectomo..., timeouts: {implicit: 0, pageLoad: 300000, script: 30000}, unhandledPromptBehavior: dismiss and notify, webauthn:extension:credBlob: true, webauthn:extension:largeBlob: true, webauthn:extension:minPinLength: true, webauthn:extension:prf: true, webauthn:virtualAuthenticators: true}\nSession ID: 1be85f7a-f418-4a66-b272-a16c96854beb\n*** Element info: {Using=css selector, value=#login_email > input}",
          "subLogs": [],
          "duration": 291
        },
        {
          "commandName": "findElement",
          "args": [
            "{value=#login_email > input, using=css selector}"
          ],
          "result": "no such element: Unable to locate element: {\"method\":\"css selector\",\"selector\":\"#login_email > input\"}\n  (Session info: chrome=123.0.6312.123)\nFor documentation on this error, please visit: https://www.seleniumhq.org/exceptions/no_such_element.html\nBuild info: version: '3.141.59', revision: 'e82be7d358', time: '2018-11-14T08:17:03'\nSystem info: host: 'spenn0821', ip: '2600:1700:8df0:2160:f03d:db85:6af2:7f98%en0', os.name: 'Mac OS X', os.arch: 'x86_64', os.version: '10.16', java.version: '1.8.0_202'\nDriver info: com.qmetry.qaf.automation.ui.webdriver.QAFExtendedWebDriver\nCapabilities {acceptInsecureCerts: false, browserName: Chrome, browserVersion: 123, chrome: {chromedriverVersion: 123.0.6312.46 (29781e6ca5d2..., userDataDir: C:\\Users\\Perfecto\\AppData\\L...}, cssSelectorsEnabled: true, executionId: 1be85f7a-f418-4a66-b272-a16..., fedcm:accounts: true, goog:chromeOptions: {debuggerAddress: localhost:50191}, javascriptEnabled: true, location: US East, networkConnectionEnabled: false, pageLoadStrategy: normal, platform: WINDOWS, platformName: WINDOWS, platformVersion: 10, proxy: Proxy(), reportPdfUrl: https://demo.app.perfectomo..., resolution: 1280x1024, se:bidiEnabled: false, setWindowRect: true, stopUrl: https://demo.perfectomobile..., streamInfo: {\n  \"url\": \"https://demo.we..., strictFileInteractability: false, takesScreenshot: true, testGridReportUrl: https://demo.app.perfectomo..., timeouts: {implicit: 0, pageLoad: 300000, script: 30000}, unhandledPromptBehavior: dismiss and notify, webauthn:extension:credBlob: true, webauthn:extension:largeBlob: true, webauthn:extension:minPinLength: true, webauthn:extension:prf: true, webauthn:virtualAuthenticators: true}\nSession ID: 1be85f7a-f418-4a66-b272-a16c96854beb\n*** Element info: {Using=css selector, value=#login_email > input}",
          "subLogs": [],
          "duration": 347
        },
        {
          "commandName": "findElement",
          "args": [
            "{value=#login_email > input, using=css selector}"
          ],
          "result": "no such element: Unable to locate element: {\"method\":\"css selector\",\"selector\":\"#login_email > input\"}\n  (Session info: chrome=123.0.6312.123)\nFor documentation on this error, please visit: https://www.seleniumhq.org/exceptions/no_such_element.html\nBuild info: version: '3.141.59', revision: 'e82be7d358', time: '2018-11-14T08:17:03'\nSystem info: host: 'spenn0821', ip: '2600:1700:8df0:2160:f03d:db85:6af2:7f98%en0', os.name: 'Mac OS X', os.arch: 'x86_64', os.version: '10.16', java.version: '1.8.0_202'\nDriver info: com.qmetry.qaf.automation.ui.webdriver.QAFExtendedWebDriver\nCapabilities {acceptInsecureCerts: false, browserName: Chrome, browserVersion: 123, chrome: {chromedriverVersion: 123.0.6312.46 (29781e6ca5d2..., userDataDir: C:\\Users\\Perfecto\\AppData\\L...}, cssSelectorsEnabled: true, executionId: 1be85f7a-f418-4a66-b272-a16..., fedcm:accounts: true, goog:chromeOptions: {debuggerAddress: localhost:50191}, javascriptEnabled: true, location: US East, networkConnectionEnabled: false, pageLoadStrategy: normal, platform: WINDOWS, platformName: WINDOWS, platformVersion: 10, proxy: Proxy(), reportPdfUrl: https://demo.app.perfectomo..., resolution: 1280x1024, se:bidiEnabled: false, setWindowRect: true, stopUrl: https://demo.perfectomobile..., streamInfo: {\n  \"url\": \"https://demo.we..., strictFileInteractability: false, takesScreenshot: true, testGridReportUrl: https://demo.app.perfectomo..., timeouts: {implicit: 0, pageLoad: 300000, script: 30000}, unhandledPromptBehavior: dismiss and notify, webauthn:extension:credBlob: true, webauthn:extension:largeBlob: true, webauthn:extension:minPinLength: true, webauthn:extension:prf: true, webauthn:virtualAuthenticators: true}\nSession ID: 1be85f7a-f418-4a66-b272-a16c96854beb\n*** Element info: {Using=css selector, value=#login_email > input}",
          "subLogs": [],
          "duration": 347
        },
        {
          "commandName": "findElement",
          "args": [
            "{value=#login_email > input, using=css selector}"
          ],
          "result": "no such element: Unable to locate element: {\"method\":\"css selector\",\"selector\":\"#login_email > input\"}\n  (Session info: chrome=123.0.6312.123)\nFor documentation on this error, please visit: https://www.seleniumhq.org/exceptions/no_such_element.html\nBuild info: version: '3.141.59', revision: 'e82be7d358', time: '2018-11-14T08:17:03'\nSystem info: host: 'spenn0821', ip: '2600:1700:8df0:2160:f03d:db85:6af2:7f98%en0', os.name: 'Mac OS X', os.arch: 'x86_64', os.version: '10.16', java.version: '1.8.0_202'\nDriver info: com.qmetry.qaf.automation.ui.webdriver.QAFExtendedWebDriver\nCapabilities {acceptInsecureCerts: false, browserName: Chrome, browserVersion: 123, chrome: {chromedriverVersion: 123.0.6312.46 (29781e6ca5d2..., userDataDir: C:\\Users\\Perfecto\\AppData\\L...}, cssSelectorsEnabled: true, executionId: 1be85f7a-f418-4a66-b272-a16..., fedcm:accounts: true, goog:chromeOptions: {debuggerAddress: localhost:50191}, javascriptEnabled: true, location: US East, networkConnectionEnabled: false, pageLoadStrategy: normal, platform: WINDOWS, platformName: WINDOWS, platformVersion: 10, proxy: Proxy(), reportPdfUrl: https://demo.app.perfectomo..., resolution: 1280x1024, se:bidiEnabled: false, setWindowRect: true, stopUrl: https://demo.perfectomobile..., streamInfo: {\n  \"url\": \"https://demo.we..., strictFileInteractability: false, takesScreenshot: true, testGridReportUrl: https://demo.app.perfectomo..., timeouts: {implicit: 0, pageLoad: 300000, script: 30000}, unhandledPromptBehavior: dismiss and notify, webauthn:extension:credBlob: true, webauthn:extension:largeBlob: true, webauthn:extension:minPinLength: true, webauthn:extension:prf: true, webauthn:virtualAuthenticators: true}\nSession ID: 1be85f7a-f418-4a66-b272-a16c96854beb\n*** Element info: {Using=css selector, value=#login_email > input}",
          "subLogs": [],
          "duration": 299
        },
        {
          "commandName": "findElement",
          "args": [
            "{value=#login_email > input, using=css selector}"
          ],
          "result": "no such element: Unable to locate element: {\"method\":\"css selector\",\"selector\":\"#login_email > input\"}\n  (Session info: chrome=123.0.6312.123)\nFor documentation on this error, please visit: https://www.seleniumhq.org/exceptions/no_such_element.html\nBuild info: version: '3.141.59', revision: 'e82be7d358', time: '2018-11-14T08:17:03'\nSystem info: host: 'spenn0821', ip: '2600:1700:8df0:2160:f03d:db85:6af2:7f98%en0', os.name: 'Mac OS X', os.arch: 'x86_64', os.version: '10.16', java.version: '1.8.0_202'\nDriver info: com.qmetry.qaf.automation.ui.webdriver.QAFExtendedWebDriver\nCapabilities {acceptInsecureCerts: false, browserName: Chrome, browserVersion: 123, chrome: {chromedriverVersion: 123.0.6312.46 (29781e6ca5d2..., userDataDir: C:\\Users\\Perfecto\\AppData\\L...}, cssSelectorsEnabled: true, executionId: 1be85f7a-f418-4a66-b272-a16..., fedcm:accounts: true, goog:chromeOptions: {debuggerAddress: localhost:50191}, javascriptEnabled: true, location: US East, networkConnectionEnabled: false, pageLoadStrategy: normal, platform: WINDOWS, platformName: WINDOWS, platformVersion: 10, proxy: Proxy(), reportPdfUrl: https://demo.app.perfectomo..., resolution: 1280x1024, se:bidiEnabled: false, setWindowRect: true, stopUrl: https://demo.perfectomobile..., streamInfo: {\n  \"url\": \"https://demo.we..., strictFileInteractability: false, takesScreenshot: true, testGridReportUrl: https://demo.app.perfectomo..., timeouts: {implicit: 0, pageLoad: 300000, script: 30000}, unhandledPromptBehavior: dismiss and notify, webauthn:extension:credBlob: true, webauthn:extension:largeBlob: true, webauthn:extension:minPinLength: true, webauthn:extension:prf: true, webauthn:virtualAuthenticators: true}\nSession ID: 1be85f7a-f418-4a66-b272-a16c96854beb\n*** Element info: {Using=css selector, value=#login_email > input}",
          "subLogs": [],
          "duration": 286
        },
        {
          "commandName": "findElement",
          "args": [
            "{value=#login_email > input, using=css selector}"
          ],
          "result": "no such element: Unable to locate element: {\"method\":\"css selector\",\"selector\":\"#login_email > input\"}\n  (Session info: chrome=123.0.6312.123)\nFor documentation on this error, please visit: https://www.seleniumhq.org/exceptions/no_such_element.html\nBuild info: version: '3.141.59', revision: 'e82be7d358', time: '2018-11-14T08:17:03'\nSystem info: host: 'spenn0821', ip: '2600:1700:8df0:2160:f03d:db85:6af2:7f98%en0', os.name: 'Mac OS X', os.arch: 'x86_64', os.version: '10.16', java.version: '1.8.0_202'\nDriver info: com.qmetry.qaf.automation.ui.webdriver.QAFExtendedWebDriver\nCapabilities {acceptInsecureCerts: false, browserName: Chrome, browserVersion: 123, chrome: {chromedriverVersion: 123.0.6312.46 (29781e6ca5d2..., userDataDir: C:\\Users\\Perfecto\\AppData\\L...}, cssSelectorsEnabled: true, executionId: 1be85f7a-f418-4a66-b272-a16..., fedcm:accounts: true, goog:chromeOptions: {debuggerAddress: localhost:50191}, javascriptEnabled: true, location: US East, networkConnectionEnabled: false, pageLoadStrategy: normal, platform: WINDOWS, platformName: WINDOWS, platformVersion: 10, proxy: Proxy(), reportPdfUrl: https://demo.app.perfectomo..., resolution: 1280x1024, se:bidiEnabled: false, setWindowRect: true, stopUrl: https://demo.perfectomobile..., streamInfo: {\n  \"url\": \"https://demo.we..., strictFileInteractability: false, takesScreenshot: true, testGridReportUrl: https://demo.app.perfectomo..., timeouts: {implicit: 0, pageLoad: 300000, script: 30000}, unhandledPromptBehavior: dismiss and notify, webauthn:extension:credBlob: true, webauthn:extension:largeBlob: true, webauthn:extension:minPinLength: true, webauthn:extension:prf: true, webauthn:virtualAuthenticators: true}\nSession ID: 1be85f7a-f418-4a66-b272-a16c96854beb\n*** Element info: {Using=css selector, value=#login_email > input}",
          "subLogs": [],
          "duration": 313
        },
        {
          "commandName": "findElement",
          "args": [
            "{value=#login_email > input, using=css selector}"
          ],
          "result": "no such element: Unable to locate element: {\"method\":\"css selector\",\"selector\":\"#login_email > input\"}\n  (Session info: chrome=123.0.6312.123)\nFor documentation on this error, please visit: https://www.seleniumhq.org/exceptions/no_such_element.html\nBuild info: version: '3.141.59', revision: 'e82be7d358', time: '2018-11-14T08:17:03'\nSystem info: host: 'spenn0821', ip: '2600:1700:8df0:2160:f03d:db85:6af2:7f98%en0', os.name: 'Mac OS X', os.arch: 'x86_64', os.version: '10.16', java.version: '1.8.0_202'\nDriver info: com.qmetry.qaf.automation.ui.webdriver.QAFExtendedWebDriver\nCapabilities {acceptInsecureCerts: false, browserName: Chrome, browserVersion: 123, chrome: {chromedriverVersion: 123.0.6312.46 (29781e6ca5d2..., userDataDir: C:\\Users\\Perfecto\\AppData\\L...}, cssSelectorsEnabled: true, executionId: 1be85f7a-f418-4a66-b272-a16..., fedcm:accounts: true, goog:chromeOptions: {debuggerAddress: localhost:50191}, javascriptEnabled: true, location: US East, networkConnectionEnabled: false, pageLoadStrategy: normal, platform: WINDOWS, platformName: WINDOWS, platformVersion: 10, proxy: Proxy(), reportPdfUrl: https://demo.app.perfectomo..., resolution: 1280x1024, se:bidiEnabled: false, setWindowRect: true, stopUrl: https://demo.perfectomobile..., streamInfo: {\n  \"url\": \"https://demo.we..., strictFileInteractability: false, takesScreenshot: true, testGridReportUrl: https://demo.app.perfectomo..., timeouts: {implicit: 0, pageLoad: 300000, script: 30000}, unhandledPromptBehavior: dismiss and notify, webauthn:extension:credBlob: true, webauthn:extension:largeBlob: true, webauthn:extension:minPinLength: true, webauthn:extension:prf: true, webauthn:virtualAuthenticators: true}\nSession ID: 1be85f7a-f418-4a66-b272-a16c96854beb\n*** Element info: {Using=css selector, value=#login_email > input}",
          "subLogs": [],
          "duration": 409
        },
        {
          "commandName": "findElement",
          "args": [
            "{value=#login_email > input, using=css selector}"
          ],
          "result": "no such element: Unable to locate element: {\"method\":\"css selector\",\"selector\":\"#login_email > input\"}\n  (Session info: chrome=123.0.6312.123)\nFor documentation on this error, please visit: https://www.seleniumhq.org/exceptions/no_such_element.html\nBuild info: version: '3.141.59', revision: 'e82be7d358', time: '2018-11-14T08:17:03'\nSystem info: host: 'spenn0821', ip: '2600:1700:8df0:2160:f03d:db85:6af2:7f98%en0', os.name: 'Mac OS X', os.arch: 'x86_64', os.version: '10.16', java.version: '1.8.0_202'\nDriver info: com.qmetry.qaf.automation.ui.webdriver.QAFExtendedWebDriver\nCapabilities {acceptInsecureCerts: false, browserName: Chrome, browserVersion: 123, chrome: {chromedriverVersion: 123.0.6312.46 (29781e6ca5d2..., userDataDir: C:\\Users\\Perfecto\\AppData\\L...}, cssSelectorsEnabled: true, executionId: 1be85f7a-f418-4a66-b272-a16..., fedcm:accounts: true, goog:chromeOptions: {debuggerAddress: localhost:50191}, javascriptEnabled: true, location: US East, networkConnectionEnabled: false, pageLoadStrategy: normal, platform: WINDOWS, platformName: WINDOWS, platformVersion: 10, proxy: Proxy(), reportPdfUrl: https://demo.app.perfectomo..., resolution: 1280x1024, se:bidiEnabled: false, setWindowRect: true, stopUrl: https://demo.perfectomobile..., streamInfo: {\n  \"url\": \"https://demo.we..., strictFileInteractability: false, takesScreenshot: true, testGridReportUrl: https://demo.app.perfectomo..., timeouts: {implicit: 0, pageLoad: 300000, script: 30000}, unhandledPromptBehavior: dismiss and notify, webauthn:extension:credBlob: true, webauthn:extension:largeBlob: true, webauthn:extension:minPinLength: true, webauthn:extension:prf: true, webauthn:virtualAuthenticators: true}\nSession ID: 1be85f7a-f418-4a66-b272-a16c96854beb\n*** Element info: {Using=css selector, value=#login_email > input}",
          "subLogs": [],
          "duration": 348
        },
        {
          "commandName": "findElement",
          "args": [
            "{value=#login_email > input, using=css selector}"
          ],
          "result": "no such element: Unable to locate element: {\"method\":\"css selector\",\"selector\":\"#login_email > input\"}\n  (Session info: chrome=123.0.6312.123)\nFor documentation on this error, please visit: https://www.seleniumhq.org/exceptions/no_such_element.html\nBuild info: version: '3.141.59', revision: 'e82be7d358', time: '2018-11-14T08:17:03'\nSystem info: host: 'spenn0821', ip: '2600:1700:8df0:2160:f03d:db85:6af2:7f98%en0', os.name: 'Mac OS X', os.arch: 'x86_64', os.version: '10.16', java.version: '1.8.0_202'\nDriver info: com.qmetry.qaf.automation.ui.webdriver.QAFExtendedWebDriver\nCapabilities {acceptInsecureCerts: false, browserName: Chrome, browserVersion: 123, chrome: {chromedriverVersion: 123.0.6312.46 (29781e6ca5d2..., userDataDir: C:\\Users\\Perfecto\\AppData\\L...}, cssSelectorsEnabled: true, executionId: 1be85f7a-f418-4a66-b272-a16..., fedcm:accounts: true, goog:chromeOptions: {debuggerAddress: localhost:50191}, javascriptEnabled: true, location: US East, networkConnectionEnabled: false, pageLoadStrategy: normal, platform: WINDOWS, platformName: WINDOWS, platformVersion: 10, proxy: Proxy(), reportPdfUrl: https://demo.app.perfectomo..., resolution: 1280x1024, se:bidiEnabled: false, setWindowRect: true, stopUrl: https://demo.perfectomobile..., streamInfo: {\n  \"url\": \"https://demo.we..., strictFileInteractability: false, takesScreenshot: true, testGridReportUrl: https://demo.app.perfectomo..., timeouts: {implicit: 0, pageLoad: 300000, script: 30000}, unhandledPromptBehavior: dismiss and notify, webauthn:extension:credBlob: true, webauthn:extension:largeBlob: true, webauthn:extension:minPinLength: true, webauthn:extension:prf: true, webauthn:virtualAuthenticators: true}\nSession ID: 1be85f7a-f418-4a66-b272-a16c96854beb\n*** Element info: {Using=css selector, value=#login_email > input}",
          "subLogs": [],
          "duration": 287
        },
        {
          "commandName": "findElement",
          "args": [
            "{value=#login_email > input, using=css selector}"
          ],
          "result": "no such element: Unable to locate element: {\"method\":\"css selector\",\"selector\":\"#login_email > input\"}\n  (Session info: chrome=123.0.6312.123)\nFor documentation on this error, please visit: https://www.seleniumhq.org/exceptions/no_such_element.html\nBuild info: version: '3.141.59', revision: 'e82be7d358', time: '2018-11-14T08:17:03'\nSystem info: host: 'spenn0821', ip: '2600:1700:8df0:2160:f03d:db85:6af2:7f98%en0', os.name: 'Mac OS X', os.arch: 'x86_64', os.version: '10.16', java.version: '1.8.0_202'\nDriver info: com.qmetry.qaf.automation.ui.webdriver.QAFExtendedWebDriver\nCapabilities {acceptInsecureCerts: false, browserName: Chrome, browserVersion: 123, chrome: {chromedriverVersion: 123.0.6312.46 (29781e6ca5d2..., userDataDir: C:\\Users\\Perfecto\\AppData\\L...}, cssSelectorsEnabled: true, executionId: 1be85f7a-f418-4a66-b272-a16..., fedcm:accounts: true, goog:chromeOptions: {debuggerAddress: localhost:50191}, javascriptEnabled: true, location: US East, networkConnectionEnabled: false, pageLoadStrategy: normal, platform: WINDOWS, platformName: WINDOWS, platformVersion: 10, proxy: Proxy(), reportPdfUrl: https://demo.app.perfectomo..., resolution: 1280x1024, se:bidiEnabled: false, setWindowRect: true, stopUrl: https://demo.perfectomobile..., streamInfo: {\n  \"url\": \"https://demo.we..., strictFileInteractability: false, takesScreenshot: true, testGridReportUrl: https://demo.app.perfectomo..., timeouts: {implicit: 0, pageLoad: 300000, script: 30000}, unhandledPromptBehavior: dismiss and notify, webauthn:extension:credBlob: true, webauthn:extension:largeBlob: true, webauthn:extension:minPinLength: true, webauthn:extension:prf: true, webauthn:virtualAuthenticators: true}\nSession ID: 1be85f7a-f418-4a66-b272-a16c96854beb\n*** Element info: {Using=css selector, value=#login_email > input}",
          "subLogs": [],
          "duration": 363
        },
        {
          "commandName": "findElement",
          "args": [
            "{value=#login_email > input, using=css selector}"
          ],
          "result": "no such element: Unable to locate element: {\"method\":\"css selector\",\"selector\":\"#login_email > input\"}\n  (Session info: chrome=123.0.6312.123)\nFor documentation on this error, please visit: https://www.seleniumhq.org/exceptions/no_such_element.html\nBuild info: version: '3.141.59', revision: 'e82be7d358', time: '2018-11-14T08:17:03'\nSystem info: host: 'spenn0821', ip: '2600:1700:8df0:2160:f03d:db85:6af2:7f98%en0', os.name: 'Mac OS X', os.arch: 'x86_64', os.version: '10.16', java.version: '1.8.0_202'\nDriver info: com.qmetry.qaf.automation.ui.webdriver.QAFExtendedWebDriver\nCapabilities {acceptInsecureCerts: false, browserName: Chrome, browserVersion: 123, chrome: {chromedriverVersion: 123.0.6312.46 (29781e6ca5d2..., userDataDir: C:\\Users\\Perfecto\\AppData\\L...}, cssSelectorsEnabled: true, executionId: 1be85f7a-f418-4a66-b272-a16..., fedcm:accounts: true, goog:chromeOptions: {debuggerAddress: localhost:50191}, javascriptEnabled: true, location: US East, networkConnectionEnabled: false, pageLoadStrategy: normal, platform: WINDOWS, platformName: WINDOWS, platformVersion: 10, proxy: Proxy(), reportPdfUrl: https://demo.app.perfectomo..., resolution: 1280x1024, se:bidiEnabled: false, setWindowRect: true, stopUrl: https://demo.perfectomobile..., streamInfo: {\n  \"url\": \"https://demo.we..., strictFileInteractability: false, takesScreenshot: true, testGridReportUrl: https://demo.app.perfectomo..., timeouts: {implicit: 0, pageLoad: 300000, script: 30000}, unhandledPromptBehavior: dismiss and notify, webauthn:extension:credBlob: true, webauthn:extension:largeBlob: true, webauthn:extension:minPinLength: true, webauthn:extension:prf: true, webauthn:virtualAuthenticators: true}\nSession ID: 1be85f7a-f418-4a66-b272-a16c96854beb\n*** Element info: {Using=css selector, value=#login_email > input}",
          "subLogs": [],
          "duration": 327
        },
        {
          "commandName": "sendKeysToElement",
          "args": [
            "By.cssSelector: #login_email > input",
            "{\"id\":\"-1\",\"value\":[\"test@perfecto.com\"]}"
          ],
          "result": "Timed out after 30 seconds waiting for presence of element located by: By.cssSelector: #login_email > input",
          "subLogs": [],
          "duration": -881369442
        },
        {
          "commandName": "findElements",
          "args": [
            "{value=#login_email > input, using=css selector}"
          ],
          "result": "[]",
          "subLogs": [],
          "duration": 286
        }
      ],
      "duration": -1
    },
    {
      "commandName": "And I add expense with head \"Meal\" , amount \"23.45\" , \"USD\" currency and category \"Business\"",
      "args": [
        "[Meal, 23.45, USD, Business]"
      ],
      "result": "Not Run",
      "subLogs": [],
      "duration": -1
    },
    {
      "commandName": "And I attach receipt",
      "args": [
        "[]"
      ],
      "result": "Not Run",
      "subLogs": [],
      "duration": -1
    },
    {
      "commandName": "Then I logout of application",
      "args": [
        "[]"
      ],
      "result": "Not Run",
      "subLogs": [],
      "duration": -1
    }
  ],
  "checkPoints": [
    {
      "message": "Given I login to Expense Tracker app with username and password",
      "type": "TestStepFail",
      "screenshot": "img/AddExpenseAfterLogin_m07kvz1psspg60963.png",
      "duration": 55760,
      "threshold": 0,
      "subCheckPoints": [
        {
          "message": "Timed out after 30 seconds waiting for presence of element located by: By.cssSelector: #login_email > input",
          "type": "Fail",
          "screenshot": null,
          "duration": 0,
          "threshold": 0,
          "subCheckPoints": []
        }
      ]
    },
    {
      "message": "And I add expense with head \"Meal\" , amount \"23.45\" , \"USD\" currency and category \"Business\"",
      "type": "TestStep",
      "screenshot": null,
      "duration": 0,
      "threshold": 0,
      "subCheckPoints": []
    },
    {
      "message": "And I attach receipt",
      "type": "TestStep",
      "screenshot": null,
      "duration": 0,
      "threshold": 0,
      "subCheckPoints": []
    },
    {
      "message": "Then I logout of application",
      "type": "TestStep",
      "screenshot": null,
      "duration": 0,
      "threshold": 0,
      "subCheckPoints": []
    }
  ],
  "errorTrace": "org.openqa.selenium.TimeoutException: Timed out after 30 seconds waiting for presence of element located by: By.cssSelector: #login_email > input\n\tat .Given I login to Expense Tracker app with username and password(src/main/resources/scenarios/ExpenseTracker.feature:6)\n\tat com.qmetry.qaf.automation.ui.util.DynamicWait.until(DynamicWait.java:168)\n\tat com.qmetry.qaf.automation.ui.webdriver.QAFExtendedWebDriver.load(QAFExtendedWebDriver.java:213)\n\tat com.qmetry.qaf.automation.ui.webdriver.QAFExtendedWebElement.load(QAFExtendedWebElement.java:302)\n\tat com.qmetry.qaf.automation.ui.webdriver.QAFExtendedWebElement.execute(QAFExtendedWebElement.java:249)\n\tat org.openqa.selenium.remote.RemoteWebElement.sendKeys(RemoteWebElement.java:106)\n\tat com.perfecto.CommonUtils.sendKeys(CommonUtils.java:85)\n\tat com.quantum.steps.ExpenseTrackerStepDefs.loginToInvoiceApp(ExpenseTrackerStepDefs.java:178)\n\tat com.qmetry.qaf.automation.step.JavaStep.doExecute(JavaStep.java:150)\n\tat com.qmetry.qaf.automation.step.BaseTestStep.execute(BaseTestStep.java:149)\n\tat com.qmetry.qaf.automation.step.StringTestStep.execute(StringTestStep.java:127)\n\tat com.qmetry.qaf.automation.step.client.Scenario.execute(Scenario.java:174)\n\tat com.qmetry.qaf.automation.step.client.Scenario.scenario(Scenario.java:237)\n\tat java.util.concurrent.FutureTask.run(FutureTask.java:266)\n\tat java.util.concurrent.ThreadPoolExecutor.runWorker(ThreadPoolExecutor.java:1149)\n\tat java.util.concurrent.ThreadPoolExecutor$Worker.run(ThreadPoolExecutor.java:624)\n\tat java.lang.Thread.run(Thread.java:748)\nCaused by: org.openqa.selenium.NoSuchElementException: no such element: Unable to locate element: {\"method\":\"css selector\",\"selector\":\"#login_email > input\"}\n  (Session info: chrome=123.0.6312.123)\nFor documentation on this error, please visit: https://www.seleniumhq.org/exceptions/no_such_element.html\nBuild info: version: '3.141.59', revision: 'e82be7d358', time: '2018-11-14T08:17:03'\nSystem info: host: 'spenn0821', ip: '2600:1700:8df0:2160:f03d:db85:6af2:7f98%en0', os.name: 'Mac OS X', os.arch: 'x86_64', os.version: '10.16', java.version: '1.8.0_202'\nDriver info: com.qmetry.qaf.automation.ui.webdriver.QAFExtendedWebDriver\nCapabilities {acceptInsecureCerts: false, browserName: Chrome, browserVersion: 123, chrome: {chromedriverVersion: 123.0.6312.46 (29781e6ca5d2..., userDataDir: C:\\Users\\Perfecto\\AppData\\L...}, cssSelectorsEnabled: true, executionId: 1be85f7a-f418-4a66-b272-a16..., fedcm:accounts: true, goog:chromeOptions: {debuggerAddress: localhost:50191}, javascriptEnabled: true, location: US East, networkConnectionEnabled: false, pageLoadStrategy: normal, platform: WINDOWS, platformName: WINDOWS, platformVersion: 10, proxy: Proxy(), reportPdfUrl: https://demo.app.perfectomo..., resolution: 1280x1024, se:bidiEnabled: false, setWindowRect: true, stopUrl: https://demo.perfectomobile..., streamInfo: {\n  \"url\": \"https://demo.we..., strictFileInteractability: false, takesScreenshot: true, testGridReportUrl: https://demo.app.perfectomo..., timeouts: {implicit: 0, pageLoad: 300000, script: 30000}, unhandledPromptBehavior: dismiss and notify, webauthn:extension:credBlob: true, webauthn:extension:largeBlob: true, webauthn:extension:minPinLength: true, webauthn:extension:prf: true, webauthn:virtualAuthenticators: true}\nSession ID: 1be85f7a-f418-4a66-b272-a16c96854beb\n*** Element info: {Using=css selector, value=#login_email > input}\n\tat sun.reflect.GeneratedConstructorAccessor90.newInstance(Unknown Source)\n\tat sun.reflect.DelegatingConstructorAccessorImpl.newInstance(DelegatingConstructorAccessorImpl.java:45)\n\tat java.lang.reflect.Constructor.newInstance(Constructor.java:423)\n\tat org.openqa.selenium.remote.http.W3CHttpResponseCodec.createException(W3CHttpResponseCodec.java:187)\n\tat org.openqa.selenium.remote.http.W3CHttpResponseCodec.decode(W3CHttpResponseCodec.java:122)\n\tat org.openqa.selenium.remote.http.W3CHttpResponseCodec.decode(W3CHttpResponseCodec.java:49)\n\tat org.openqa.selenium.remote.HttpCommandExecutor.execute(HttpCommandExecutor.java:158)\n\tat org.openqa.selenium.remote.RemoteWebDriver.execute(RemoteWebDriver.java:552)\n\tat com.qmetry.qaf.automation.ui.webdriver.QAFExtendedWebDriver.execute(QAFExtendedWebDriver.java:233)\n\tat org.openqa.selenium.remote.RemoteWebDriver.findElement(RemoteWebDriver.java:323)\n\tat org.openqa.selenium.remote.RemoteWebDriver.findElementByCssSelector(RemoteWebDriver.java:420)\n\tat com.qmetry.qaf.automation.ui.webdriver.QAFExtendedWebDriver.findElementByCssSelector(QAFExtendedWebDriver.java:366)\n\tat com.qmetry.qaf.automation.ui.webdriver.QAFExtendedWebDriver.findElementByCssSelector(QAFExtendedWebDriver.java:78)\n\tat org.openqa.selenium.By$ByCssSelector.findElement(By.java:431)\n\tat org.openqa.selenium.remote.RemoteWebDriver.findElement(RemoteWebDriver.java:315)\n\tat com.qmetry.qaf.automation.ui.webdriver.QAFExtendedWebDriver.findElement(QAFExtendedWebDriver.java:169)\n\tat com.qmetry.qaf.automation.ui.webdriver.QAFExtendedWebDriver.findElement(QAFExtendedWebDriver.java:78)\n\tat org.openqa.selenium.support.ui.ExpectedConditions$6.apply(ExpectedConditions.java:182)\n\tat org.openqa.selenium.support.ui.ExpectedConditions$6.apply(ExpectedConditions.java:179)\n\tat com.qmetry.qaf.automation.ui.util.DynamicWait.until(DynamicWait.java:147)\n\tat com.qmetry.qaf.automation.ui.webdriver.QAFExtendedWebDriver.load(QAFExtendedWebDriver.java:213)\n\tat com.qmetry.qaf.automation.ui.webdriver.QAFExtendedWebElement.load(QAFExtendedWebElement.java:302)\n\tat com.qmetry.qaf.automation.ui.webdriver.QAFExtendedWebElement.execute(QAFExtendedWebElement.java:249)\n\tat org.openqa.selenium.remote.RemoteWebElement.sendKeys(RemoteWebElement.java:106)\n\tat com.perfecto.CommonUtils.sendKeys(CommonUtils.java:85)\n\tat com.quantum.steps.ExpenseTrackerStepDefs.loginToInvoiceApp(ExpenseTrackerStepDefs.java:178)\n\tat sun.reflect.NativeMethodAccessorImpl.invoke0(Native Method)\n\tat sun.reflect.NativeMethodAccessorImpl.invoke(NativeMethodAccessorImpl.java:62)\n\tat sun.reflect.DelegatingMethodAccessorImpl.invoke(DelegatingMethodAccessorImpl.java:43)\n\tat java.lang.reflect.Method.invoke(Method.java:498)\n\tat com.qmetry.qaf.automation.step.JavaStep.doExecute(JavaStep.java:150)\n\tat com.qmetry.qaf.automation.step.BaseTestStep.execute(BaseTestStep.java:149)\n\tat com.qmetry.qaf.automation.step.StringTestStep.execute(StringTestStep.java:127)\n\tat com.qmetry.qaf.automation.step.client.Scenario.execute(Scenario.java:174)\n\tat com.qmetry.qaf.automation.step.client.Scenario.scenario(Scenario.java:237)\n\tat sun.reflect.NativeMethodAccessorImpl.invoke0(Native Method)\n\tat sun.reflect.NativeMethodAccessorImpl.invoke(NativeMethodAccessorImpl.java:62)\n\tat sun.reflect.DelegatingMethodAccessorImpl.invoke(DelegatingMethodAccessorImpl.java:43)\n\tat java.lang.reflect.Method.invoke(Method.java:498)\n\tat org.testng.internal.MethodInvocationHelper.invokeMethod(MethodInvocationHelper.java:104)\n\tat org.testng.internal.Invoker.invokeMethod(Invoker.java:645)\n\tat org.testng.internal.Invoker.invokeTestMethod(Invoker.java:851)\n\tat org.testng.internal.Invoker.invokeTestMethods(Invoker.java:1177)\n\tat org.testng.internal.TestMethodWorker.invokeTestMethods(TestMethodWorker.java:129)\n\tat org.testng.internal.TestMethodWorker.run(TestMethodWorker.java:112)\n\tat org.testng.TestRunner.privateRun(TestRunner.java:778)\n\tat org.testng.TestRunner.run(TestRunner.java:632)\n\tat org.testng.SuiteRunner.runTest(SuiteRunner.java:387)\n\tat org.testng.SuiteRunner.access$000(SuiteRunner.java:39)\n\tat org.testng.SuiteRunner$SuiteWorker.run(SuiteRunner.java:421)\n\tat org.testng.internal.thread.ThreadUtil$2.call(ThreadUtil.java:64)\n\t... 4 more\n"
}