{
  "seleniumLog": [
    {
      "commandName": "loginToInvoiceApp",
      "args": [
        "[]"
      ],
      "result": "fail",
      "subLogs": [
        {
          "commandName": "findElement",
          "args": [
            "{value=login_email, using=name}"
          ],
          "result": "An element could not be located on the page using the given search parameters.\nFor documentation on this error, please visit: https://www.seleniumhq.org/exceptions/no_such_element.html\nBuild info: version: '3.141.59', revision: 'e82be7d358', time: '2018-11-14T08:17:03'\nDriver info: io.appium.java_client.ios.IOSDriver\nCapabilities {accessToken: eyJhbGciOiJSUzI1NiIsInR5cCI..., app: PUBLIC:ExpenseTracker/Nativ..., assert_javascript_enabled: true, authenticationTenant: operator, automationName: Appium, browserName: , bundleId: io.perfecto.expense.tracker, cloud: demo.perfectomobile.com, cssSelectorsEnabled: true, databaseEnabled: false, deviceName: 00008030-000354201A50802E, deviceSessionId: stephenp@perfectomobile.com..., driverClass: io.appium.java_client.ios.I..., engineExternalExecId: ee01399a-b822-4b7b-8636-b54..., entityType: appium_driver, executionId: stephenp@perfectomobile.com..., executionTenantId: demo-perfectomobile-com, host: demo.perfectomobile.com, javascriptEnabled: true, liveStreamEnabled: false, locationContextEnabled: false, model: iPhone.*, networkConnectionEnabled: false, password: , platform: MAC, platformName: ios, platformVersion: 15.4.1, report.jobBranch: master, report.jobName: PerfectoDemo, report.jobNumber: 8200310, reportPdfUrl: https://demo.app.perfectomo..., scriptName: RemoteWebDriver, securityToken: , sensorInstrument: true, serverConnector: , serverHost: X.X.X.X:11602, simpleIsVisibleCheck: true, stopUrl: https://demo.perfectomobile..., takesScreenshot: true, testGridReportUrl: https://demo.app.perfectomo..., testRunWithPureAppiumFlow: false, udid: 00008030-000354201A50802E, user: , webStorageEnabled: false, xcuitestFindOptimizations: true}\nSession ID: d3f9ae7a-3c5a-430c-a0fd-eb03cc4af6c5\n*** Element info: {Using=name, value=login_email}\nCommand duration or timeout: 0 milliseconds",
          "subLogs": [],
          "duration": 285202
        },
        {
          "commandName": "sendKeysToElement",
          "args": [
            "By.name: login_email",
            "{\"id\":\"-1\",\"value\":[\"test@perfecto.com\"]}"
          ],
          "result": "Timed out after 30 seconds waiting for presence of element located by: By.name: login_email",
          "subLogs": [],
          "duration": -2073034648
        },
        {
          "commandName": "findElements",
          "args": [
            "{value=login_email, using=name}"
          ],
          "result": "[]",
          "subLogs": [],
          "duration": 285557
        }
      ],
      "duration": -1
    },
    {
      "commandName": "And I add expense with head \"Meal\" , amount \"23.45\" , \"USD\" currency and category \"Business\"",
      "args": [
        "[Meal, 23.45, USD, Business]"
      ],
      "result": "Not Run",
      "subLogs": [],
      "duration": -1
    },
    {
      "commandName": "And I attach receipt",
      "args": [
        "[]"
      ],
      "result": "Not Run",
      "subLogs": [],
      "duration": -1
    },
    {
      "commandName": "Then I logout of application",
      "args": [
        "[]"
      ],
      "result": "Not Run",
      "subLogs": [],
      "duration": -1
    }
  ],
  "checkPoints": [
    {
      "message": "Given I login to Expense Tracker app with username and password",
      "type": "TestStepFail",
      "screenshot": "",
      "duration": 570770,
      "threshold": 0,
      "subCheckPoints": [
        {
          "message": "Timed out after 30 seconds waiting for presence of element located by: By.name: login_email",
          "type": "Fail",
          "screenshot": null,
          "duration": 0,
          "threshold": 0,
          "subCheckPoints": []
        }
      ]
    },
    {
      "message": "And I add expense with head \"Meal\" , amount \"23.45\" , \"USD\" currency and category \"Business\"",
      "type": "TestStep",
      "screenshot": null,
      "duration": 0,
      "threshold": 0,
      "subCheckPoints": []
    },
    {
      "message": "And I attach receipt",
      "type": "TestStep",
      "screenshot": null,
      "duration": 0,
      "threshold": 0,
      "subCheckPoints": []
    },
    {
      "message": "Then I logout of application",
      "type": "TestStep",
      "screenshot": null,
      "duration": 0,
      "threshold": 0,
      "subCheckPoints": []
    }
  ],
  "errorTrace": "org.openqa.selenium.TimeoutException: Timed out after 30 seconds waiting for presence of element located by: By.name: login_email\n\tat .Given I login to Expense Tracker app with username and password(src/main/resources/scenarios/ExpenseTracker.feature:6)\n\tat com.qmetry.qaf.automation.ui.util.DynamicWait.until(DynamicWait.java:168)\n\tat com.qmetry.qaf.automation.ui.webdriver.QAFExtendedWebDriver.load(QAFExtendedWebDriver.java:213)\n\tat com.qmetry.qaf.automation.ui.webdriver.QAFExtendedWebElement.load(QAFExtendedWebElement.java:302)\n\tat com.qmetry.qaf.automation.ui.webdriver.QAFExtendedWebElement.execute(QAFExtendedWebElement.java:249)\n\tat org.openqa.selenium.remote.RemoteWebElement.sendKeys(RemoteWebElement.java:106)\n\tat com.perfecto.CommonUtils.sendKeys(CommonUtils.java:85)\n\tat com.quantum.steps.ExpenseTrackerStepDefs.loginToInvoiceApp(ExpenseTrackerStepDefs.java:138)\n\tat com.qmetry.qaf.automation.step.JavaStep.doExecute(JavaStep.java:150)\n\tat com.qmetry.qaf.automation.step.BaseTestStep.execute(BaseTestStep.java:149)\n\tat com.qmetry.qaf.automation.step.StringTestStep.execute(StringTestStep.java:127)\n\tat com.qmetry.qaf.automation.step.client.Scenario.execute(Scenario.java:174)\n\tat com.qmetry.qaf.automation.step.client.Scenario.scenario(Scenario.java:237)\n\tat java.util.concurrent.FutureTask.run(FutureTask.java:266)\n\tat java.util.concurrent.ThreadPoolExecutor.runWorker(ThreadPoolExecutor.java:1149)\n\tat java.util.concurrent.ThreadPoolExecutor$Worker.run(ThreadPoolExecutor.java:624)\n\tat java.lang.Thread.run(Thread.java:748)\nCaused by: org.openqa.selenium.NoSuchElementException: An element could not be located on the page using the given search parameters.\nFor documentation on this error, please visit: https://www.seleniumhq.org/exceptions/no_such_element.html\nBuild info: version: '3.141.59', revision: 'e82be7d358', time: '2018-11-14T08:17:03'\nDriver info: io.appium.java_client.ios.IOSDriver\nCapabilities {accessToken: eyJhbGciOiJSUzI1NiIsInR5cCI..., app: PUBLIC:ExpenseTracker/Nativ..., assert_javascript_enabled: true, authenticationTenant: operator, automationName: Appium, browserName: , bundleId: io.perfecto.expense.tracker, cloud: demo.perfectomobile.com, cssSelectorsEnabled: true, databaseEnabled: false, deviceName: 00008030-000354201A50802E, deviceSessionId: stephenp@perfectomobile.com..., driverClass: io.appium.java_client.ios.I..., engineExternalExecId: ee01399a-b822-4b7b-8636-b54..., entityType: appium_driver, executionId: stephenp@perfectomobile.com..., executionTenantId: demo-perfectomobile-com, host: demo.perfectomobile.com, javascriptEnabled: true, liveStreamEnabled: false, locationContextEnabled: false, model: iPhone.*, networkConnectionEnabled: false, password: , platform: MAC, platformName: ios, platformVersion: 15.4.1, report.jobBranch: master, report.jobName: PerfectoDemo, report.jobNumber: 8200310, reportPdfUrl: https://demo.app.perfectomo..., scriptName: RemoteWebDriver, securityToken: , sensorInstrument: true, serverConnector: , serverHost: X.X.X.X:11602, simpleIsVisibleCheck: true, stopUrl: https://demo.perfectomobile..., takesScreenshot: true, testGridReportUrl: https://demo.app.perfectomo..., testRunWithPureAppiumFlow: false, udid: 00008030-000354201A50802E, user: , webStorageEnabled: false, xcuitestFindOptimizations: true}\nSession ID: d3f9ae7a-3c5a-430c-a0fd-eb03cc4af6c5\n*** Element info: {Using=name, value=login_email}\nCommand duration or timeout: 0 milliseconds\n\tat sun.reflect.GeneratedConstructorAccessor96.newInstance(Unknown Source)\n\tat sun.reflect.DelegatingConstructorAccessorImpl.newInstance(DelegatingConstructorAccessorImpl.java:45)\n\tat java.lang.reflect.Constructor.newInstance(Constructor.java:423)\n\tat org.openqa.selenium.remote.ErrorHandler.createThrowable(ErrorHandler.java:214)\n\tat org.openqa.selenium.remote.ErrorHandler.throwIfResponseFailed(ErrorHandler.java:166)\n\tat org.openqa.selenium.remote.http.JsonHttpResponseCodec.reconstructValue(JsonHttpResponseCodec.java:40)\n\tat org.openqa.selenium.remote.http.AbstractHttpResponseCodec.decode(AbstractHttpResponseCodec.java:80)\n\tat org.openqa.selenium.remote.http.AbstractHttpResponseCodec.decode(AbstractHttpResponseCodec.java:44)\n\tat org.openqa.selenium.remote.HttpCommandExecutor.execute(HttpCommandExecutor.java:158)\n\tat io.appium.java_client.remote.AppiumCommandExecutor.execute(AppiumCommandExecutor.java:239)\n\tat org.openqa.selenium.remote.RemoteWebDriver.execute(RemoteWebDriver.java:552)\n\tat com.qmetry.qaf.automation.ui.webdriver.QAFExtendedWebDriver.execute(QAFExtendedWebDriver.java:233)\n\tat org.openqa.selenium.remote.RemoteWebDriver.findElement(RemoteWebDriver.java:323)\n\tat org.openqa.selenium.remote.RemoteWebDriver.findElementByName(RemoteWebDriver.java:404)\n\tat com.qmetry.qaf.automation.ui.webdriver.QAFExtendedWebDriver.findElementByName(QAFExtendedWebDriver.java:381)\n\tat com.qmetry.qaf.automation.ui.webdriver.QAFExtendedWebDriver.findElementByName(QAFExtendedWebDriver.java:78)\n\tat org.openqa.selenium.By$ByName.findElement(By.java:284)\n\tat org.openqa.selenium.remote.RemoteWebDriver.findElement(RemoteWebDriver.java:315)\n\tat com.qmetry.qaf.automation.ui.webdriver.QAFExtendedWebDriver.findElement(QAFExtendedWebDriver.java:169)\n\tat com.qmetry.qaf.automation.ui.webdriver.QAFExtendedWebDriver.findElement(QAFExtendedWebDriver.java:78)\n\tat org.openqa.selenium.support.ui.ExpectedConditions$6.apply(ExpectedConditions.java:182)\n\tat org.openqa.selenium.support.ui.ExpectedConditions$6.apply(ExpectedConditions.java:179)\n\tat com.qmetry.qaf.automation.ui.util.DynamicWait.until(DynamicWait.java:147)\n\tat com.qmetry.qaf.automation.ui.webdriver.QAFExtendedWebDriver.load(QAFExtendedWebDriver.java:213)\n\tat com.qmetry.qaf.automation.ui.webdriver.QAFExtendedWebElement.load(QAFExtendedWebElement.java:302)\n\tat com.qmetry.qaf.automation.ui.webdriver.QAFExtendedWebElement.execute(QAFExtendedWebElement.java:249)\n\tat org.openqa.selenium.remote.RemoteWebElement.sendKeys(RemoteWebElement.java:106)\n\tat com.perfecto.CommonUtils.sendKeys(CommonUtils.java:85)\n\tat com.quantum.steps.ExpenseTrackerStepDefs.loginToInvoiceApp(ExpenseTrackerStepDefs.java:138)\n\tat sun.reflect.GeneratedMethodAccessor17.invoke(Unknown Source)\n\tat sun.reflect.DelegatingMethodAccessorImpl.invoke(DelegatingMethodAccessorImpl.java:43)\n\tat java.lang.reflect.Method.invoke(Method.java:498)\n\tat com.qmetry.qaf.automation.step.JavaStep.doExecute(JavaStep.java:150)\n\tat com.qmetry.qaf.automation.step.BaseTestStep.execute(BaseTestStep.java:149)\n\tat com.qmetry.qaf.automation.step.StringTestStep.execute(StringTestStep.java:127)\n\tat com.qmetry.qaf.automation.step.client.Scenario.execute(Scenario.java:174)\n\tat com.qmetry.qaf.automation.step.client.Scenario.scenario(Scenario.java:237)\n\tat sun.reflect.GeneratedMethodAccessor16.invoke(Unknown Source)\n\tat sun.reflect.DelegatingMethodAccessorImpl.invoke(DelegatingMethodAccessorImpl.java:43)\n\tat java.lang.reflect.Method.invoke(Method.java:498)\n\tat org.testng.internal.MethodInvocationHelper.invokeMethod(MethodInvocationHelper.java:104)\n\tat org.testng.internal.Invoker.invokeMethod(Invoker.java:645)\n\tat org.testng.internal.Invoker.invokeTestMethod(Invoker.java:851)\n\tat org.testng.internal.Invoker.invokeTestMethods(Invoker.java:1177)\n\tat org.testng.internal.TestMethodWorker.invokeTestMethods(TestMethodWorker.java:129)\n\tat org.testng.internal.TestMethodWorker.run(TestMethodWorker.java:112)\n\tat org.testng.TestRunner.privateRun(TestRunner.java:778)\n\tat org.testng.TestRunner.run(TestRunner.java:632)\n\tat org.testng.SuiteRunner.runTest(SuiteRunner.java:387)\n\tat org.testng.SuiteRunner.access$000(SuiteRunner.java:39)\n\tat org.testng.SuiteRunner$SuiteWorker.run(SuiteRunner.java:421)\n\tat org.testng.internal.thread.ThreadUtil$2.call(ThreadUtil.java:64)\n\t... 4 more\nCaused by: org.openqa.selenium.NoSuchElementException: An element could not be located on the page using the given search parameters.\nFor documentation on this error, please visit: https://www.seleniumhq.org/exceptions/no_such_element.html\nBuild info: version: '3.141.59', revision: 'e82be7d358', time: '2018-11-14T08:17:03'\nDriver info: io.appium.java_client.ios.IOSDriver\nCapabilities {accessToken: eyJhbGciOiJSUzI1NiIsInR5cCI..., app: PUBLIC:ExpenseTracker/Nativ..., assert_javascript_enabled: true, authenticationTenant: operator, automationName: Appium, browserName: , bundleId: io.perfecto.expense.tracker, cloud: demo.perfectomobile.com, cssSelectorsEnabled: true, databaseEnabled: false, deviceName: 00008030-000354201A50802E, deviceSessionId: stephenp@perfectomobile.com..., driverClass: io.appium.java_client.ios.I..., engineExternalExecId: ee01399a-b822-4b7b-8636-b54..., entityType: appium_driver, executionId: stephenp@perfectomobile.com..., executionTenantId: demo-perfectomobile-com, host: demo.perfectomobile.com, javascriptEnabled: true, liveStreamEnabled: false, locationContextEnabled: false, model: iPhone.*, networkConnectionEnabled: false, password: , platform: MAC, platformName: ios, platformVersion: 15.4.1, report.jobBranch: master, report.jobName: PerfectoDemo, report.jobNumber: 8200310, reportPdfUrl: https://demo.app.perfectomo..., scriptName: RemoteWebDriver, securityToken: , sensorInstrument: true, serverConnector: , serverHost: X.X.X.X:11602, simpleIsVisibleCheck: true, stopUrl: https://demo.perfectomobile..., takesScreenshot: true, testGridReportUrl: https://demo.app.perfectomo..., testRunWithPureAppiumFlow: false, udid: 00008030-000354201A50802E, user: , webStorageEnabled: false, xcuitestFindOptimizations: true}\nSession ID: d3f9ae7a-3c5a-430c-a0fd-eb03cc4af6c5\n*** Element info: {Using=name, value=login_email}\nFor documentation on this error, please visit: https://www.seleniumhq.org/exceptions/no_such_element.html\nBuild info: version: '3.141.59', revision: 'e82be7d358', time: '2018-11-14T08:17:03'\nSystem info: host: 'spenn0821', ip: '2601:c6:1:79a0:a5f7:888:dc85:6423%en0', os.name: 'Mac OS X', os.arch: 'x86_64', os.version: '10.16', java.version: '1.8.0_202'\nDriver info: driver.version: IOSDriver\n\tat sun.reflect.GeneratedConstructorAccessor2255.newInstance(Unknown Source)\n\tat sun.reflect.DelegatingConstructorAccessorImpl.newInstance(DelegatingConstructorAccessorImpl.java:45)\n\tat java.lang.reflect.Constructor.newInstance(Constructor.java:423)\n\tat org.openqa.selenium.remote.http.W3CHttpResponseCodec.createException(W3CHttpResponseCodec.java:187)\n\tat org.openqa.selenium.remote.http.W3CHttpResponseCodec.decode(W3CHttpResponseCodec.java:122)\n\tat org.openqa.selenium.remote.http.W3CHttpResponseCodec.decode(W3CHttpResponseCodec.java:49)\n\tat org.openqa.selenium.remote.HttpCommandExecutor.execute(HttpCommandExecutor.java:158)\n\tat io.appium.java_client.remote.AppiumCommandExecutor.execute(AppiumCommandExecutor.java:239)\n\tat org.openqa.selenium.remote.RemoteWebDriver.execute(RemoteWebDriver.java:552)\n\tat io.appium.java_client.DefaultGenericMobileDriver.execute(DefaultGenericMobileDriver.java:41)\n\tat io.appium.java_client.AppiumDriver.execute(AppiumDriver.java:1)\n\tat io.appium.java_client.ios.IOSDriver.execute(IOSDriver.java:1)\n\tat org.openqa.selenium.remote.RemoteWebDriver.findElement(RemoteWebDriver.java:323)\n\tat io.appium.java_client.DefaultGenericMobileDriver.findElement(DefaultGenericMobileDriver.java:61)\n\tat io.appium.java_client.AppiumDriver.findElement(AppiumDriver.java:1)\n\tat io.appium.java_client.ios.IOSDriver.findElement(IOSDriver.java:1)\n\tat org.openqa.selenium.remote.RemoteWebDriver.findElementByName(RemoteWebDriver.java:404)\n\tat io.appium.java_client.DefaultGenericMobileDriver.findElementByName(DefaultGenericMobileDriver.java:117)\n\tat io.appium.java_client.AppiumDriver.findElementByName(AppiumDriver.java:1)\n\tat io.appium.java_client.ios.IOSDriver.findElementByName(IOSDriver.java:1)\n\tat org.openqa.selenium.By$ByName.findElement(By.java:284)\n\tat org.openqa.selenium.remote.RemoteWebDriver.findElement(RemoteWebDriver.java:315)\n\tat io.appium.java_client.DefaultGenericMobileDriver.findElement(DefaultGenericMobileDriver.java:57)\n\tat io.appium.java_client.AppiumDriver.findElement(AppiumDriver.java:1)\n\tat io.appium.java_client.ios.IOSDriver.findElement(IOSDriver.java:1)\n\tat com.perfectomobile.selenium.server.appium.AppiumIOSDriverWrapper$2.call(AppiumIOSDriverWrapper.java:94)\n\tat com.nexperience.function.execute.ExecuteCallableCommand.process(ExecuteCallableCommand.java:30)\n\tat com.nexperience.engine.script.command.AbstractScriptCommand.doExecute(AbstractScriptCommand.java:173)\n\tat com.nexperience.engine.script.command.ScriptCommandBase.execute(ScriptCommandBase.java:105)\n\tat com.nexperience.engine.script.tcl.event.CommandTclEvent.processEvent(CommandTclEvent.java:43)\n\tat com.nexperience.engine.script.tcl.event.MaseTclEvent.processEvent(MaseTclEvent.java:56)\n\tat tcl.lang.Notifier.serviceEvent(Notifier.java:457)\n\tat tcl.lang.Notifier.doOneEvent(Notifier.java:610)\n\tat tcl.lang.Notifier.processTclEvents(Notifier.java:786)\n\tat com.nexperience.engine.script.tcl.event.TclEventProcessor.start(TclEventProcessor.java:80)\n\tat com.nexperience.engine.script.tcl.TclInterpreter.startEventProcessing(TclInterpreter.java:552)\n\tat com.nexperience.engine.script.execution.step.StepExecutionEventProcessor.callImpl(StepExecutionEventProcessor.java:85)\n\tat com.nexperience.engine.script.execution.step.StepExecutionEventProcessor.callImpl(StepExecutionEventProcessor.java:21)\n\tat com.nexperience.util.thread.WrappedCallable.call(WrappedCallable.java:31)\n\tat java.util.concurrent.FutureTask.run(FutureTask.java:266)\n\tat java.util.concurrent.ThreadPoolExecutor.runWorker(ThreadPoolExecutor.java:1142)\n\tat java.util.concurrent.ThreadPoolExecutor$Worker.run(ThreadPoolExecutor.java:617)\n\t... 1 more\n"
}